90.000000 0.000000
180.000000 0.000000
270.000000 0.000000
360.000000 0.000000
450.000000 0.000000
540.000000 0.000000
630.000000 0.000000
720.000000 0.000000
810.000000 0.000000
900.000000 0.000000
990.000000 0.000000
1080.000000 0.000000
1170.000000 0.000000
1260.000000 0.000000
1350.000000 0.000000
1440.000000 0.000000
1530.000000 0.000000
1620.000000 0.000000
1710.000000 0.000000
1800.000000 0.000000
1890.000000 0.000000
1980.000000 0.000000
2070.000000 0.000000
2160.000000 0.000000
2250.000000 0.000000
2340.000000 0.000000
2430.000000 0.000000
2520.000000 0.000000
2610.000000 0.000000
2700.000000 0.000000
2790.000000 0.000000
2880.000000 0.000000
2970.000000 0.000000
3060.000000 0.000000
3150.000000 0.000000
3240.000000 0.000000
3330.000000 0.000000
3420.000000 0.000000
3510.000000 0.000000
3600.000000 0.000000
3690.000000 0.000000
3780.000000 0.000000
3870.000000 0.000000
3960.000000 0.000000
4050.000000 0.000000
4140.000000 0.000000
4230.000000 0.000000
4320.000000 0.000000
4410.000000 0.000000
4500.000000 0.000000
4590.000000 0.000000
4680.000000 0.000000
4770.000000 0.000000
4860.000000 0.000000
4950.000000 0.000000
5040.000000 0.000000
5130.000000 0.000000
5220.000000 0.000000
5310.000000 0.000000
5400.000000 0.000000
5490.000000 0.000000
5580.000000 0.000000
5670.000000 0.000000
5760.000000 0.000000
5850.000000 0.000000
5940.000000 0.000000
6030.000000 0.000000
6120.000000 0.000000
6210.000000 0.000000
6300.000000 0.000000
6390.000000 0.000000
6480.000000 0.000000
6570.000000 0.000000
6660.000000 0.000000
6750.000000 0.000000
6840.000000 0.000000
6930.000000 0.000000
7020.000000 0.000000
7110.000000 0.000000
7200.000000 0.000000
7290.000000 0.000000
7380.000000 0.000000
7470.000000 0.000000
7560.000000 0.000000
7650.000000 0.000000
7740.000000 0.000000
7830.000000 0.000000
7920.000000 0.000000
8010.000000 0.000000
8100.000000 0.000000
8190.000000 0.000000
8280.000000 0.000000
8370.000000 0.000000
8460.000000 0.000000
8550.000000 0.000000
8640.000000 0.000000
8730.000000 0.000000
8820.000000 0.000000
8910.000000 0.000000
9000.000000 0.000000
9090.000000 0.000000
9180.000000 0.000000
9270.000000 0.000000
9360.000000 0.000000
9450.000000 0.000000
9540.000000 0.000000
9630.000000 0.000000
9720.000000 0.000000
9810.000000 0.000000
9900.000000 0.000000
9990.000000 0.000000
10080.000000 0.000000
10170.000000 0.000000
10260.000000 0.000000
10350.000000 0.000000
10440.000000 0.000000
10530.000000 0.000000
10620.000000 0.000000
10710.000000 0.000000
10800.000000 0.000000
10890.000000 0.000000
10980.000000 0.000000
11070.000000 0.000000
11160.000000 0.000000
11250.000000 0.000000
11340.000000 0.000000
11430.000000 0.000000
11520.000000 0.000000
11610.000000 0.000000
11700.000000 0.000000
11790.000000 0.000000
11880.000000 0.000000
11970.000000 0.000000
12060.000000 0.000000
12150.000000 0.000000
12240.000000 0.000000
12330.000000 0.000000
12420.000000 0.000000
12510.000000 0.000000
12600.000000 0.000000
12690.000000 0.000000
12780.000000 0.000000
12870.000000 0.000000
12960.000000 0.000000
13050.000000 0.000000
13140.000000 0.000000
13230.000000 0.000000
13320.000000 0.000000
13410.000000 0.000000
13500.000000 0.000000
13590.000000 0.000000
13680.000000 0.000000
13770.000000 0.000000
13860.000000 0.000000
13950.000000 0.000000
14040.000000 0.000000
14130.000000 0.000000
14220.000000 0.000000
14310.000000 0.000000
14400.000000 0.000000
14490.000000 0.000000
14580.000000 0.000000
14670.000000 0.000000
14760.000000 0.000000
14850.000000 0.000000
14940.000000 0.000000
15030.000000 0.000000
15120.000000 0.000000
15210.000000 0.000000
15300.000000 0.000000
15390.000000 0.000000
15480.000000 0.000000
15570.000000 0.000000
15660.000000 0.000000
15750.000000 0.000000
15840.000000 0.000000
15930.000000 0.000000
16020.000000 0.000000
16110.000000 0.000000
16200.000000 0.000000
16290.000000 0.000000
16380.000000 0.000000
16470.000000 0.000000
16560.000000 0.000000
16650.000000 0.000000
16740.000000 0.000000
16830.000000 0.000000
16920.000000 0.000000
17010.000000 0.000000
17100.000000 0.000000
17190.000000 0.000000
17280.000000 0.000000
17370.000000 0.000000
17460.000000 0.000000
17550.000000 0.000000
17640.000000 0.000000
17730.000000 0.000000
17820.000000 0.000000
17910.000000 0.000000
18000.000000 0.000000
18090.000000 0.000000
18180.000000 0.000000
18270.000000 0.000000
18360.000000 0.000000
18450.000000 0.000000
18540.000000 0.000000
18630.000000 0.000000
18720.000000 0.000000
18810.000000 0.000000
18900.000000 0.000000
18990.000000 0.000000
19080.000000 0.000000
19170.000000 0.000000
19260.000000 0.000000
19350.000000 0.000000
19440.000000 0.000000
19530.000000 0.000000
19620.000000 0.000000
19710.000000 0.000000
19800.000000 0.000000
19890.000000 0.000000
19980.000000 0.000000
20070.000000 0.000000
20160.000000 0.000000
20250.000000 0.000000
20340.000000 0.000000
20430.000000 0.000000
20520.000000 0.000000
20610.000000 0.000000
20700.000000 0.000000
20790.000000 0.000000
20880.000000 0.000000
20970.000000 0.000000
21060.000000 0.000000
21150.000000 0.000000
21240.000000 0.000000
21330.000000 0.000000
21420.000000 0.000000
21510.000000 0.000000
21600.000000 0.000000
21690.000000 0.000000
21780.000000 0.000000
21870.000000 0.000000
21960.000000 0.000000
22050.000000 0.000000
22140.000000 0.000000
22230.000000 0.000000
22320.000000 0.000000
22410.000000 0.000000
22500.000000 0.000000
22590.000000 0.000000
22680.000000 0.000000
22770.000000 0.000000
22860.000000 0.000000
22950.000000 0.000000
23040.000000 0.000000
23130.000000 0.000000
23220.000000 0.000000
23310.000000 0.000000
23400.000000 0.000000
23490.000000 0.000000
23580.000000 0.000000
23670.000000 0.000000
23760.000000 0.000000
23850.000000 0.000000
23940.000000 0.000000
24030.000000 0.000000
24120.000000 0.000000
24210.000000 0.000000
24300.000000 0.000000
24390.000000 0.000000
24480.000000 0.000000
24570.000000 0.000000
24660.000000 0.000000
24750.000000 0.000000
24840.000000 0.000000
24930.000000 0.000000
25020.000000 0.000000
25110.000000 0.000000
25200.000000 0.000000
25290.000000 0.000000
25380.000000 0.000000
25470.000000 0.000000
25560.000000 0.000000
25650.000000 0.000000
25740.000000 0.000000
25830.000000 0.000000
25920.000000 0.000000
26010.000000 0.000000
26100.000000 0.000000
26190.000000 0.000000
26280.000000 0.000000
26370.000000 0.000000
26460.000000 0.000000
26550.000000 0.000000
26640.000000 0.000000
26730.000000 0.000000
26820.000000 0.000000
26910.000000 0.000000
27000.000000 0.000000
27090.000000 0.000000
27180.000000 0.000000
27270.000000 0.000000
27360.000000 0.000000
27450.000000 0.000000
27540.000000 0.000000
27630.000000 0.000000
27720.000000 0.000000
27810.000000 0.000000
27900.000000 0.000000
27990.000000 0.000000
28080.000000 0.000000
28170.000000 0.000000
28260.000000 0.000000
28350.000000 0.000000
28440.000000 0.000000
28530.000000 0.000000
28620.000000 0.000000
28710.000000 0.000000
28800.000000 0.000000
28890.000000 0.000000
28980.000000 0.000000
29070.000000 0.000000
29160.000000 0.000000
29250.000000 0.000000
29340.000000 0.000000
29430.000000 0.000000
29520.000000 0.000000
29610.000000 0.000000
29700.000000 0.000000
29790.000000 0.000000
29880.000000 0.000000
29970.000000 0.000000
30060.000000 0.000000
30150.000000 0.000000
30240.000000 0.000000
30330.000000 0.000000
30420.000000 0.000000
30510.000000 0.000000
30600.000000 0.000000
30690.000000 0.000000
30780.000000 0.000000
30870.000000 0.000000
30960.000000 0.000000
31050.000000 0.000000
31140.000000 0.000000
31230.000000 0.000000
31320.000000 0.000000
31410.000000 0.000000
31500.000000 0.000000
31590.000000 0.000000
31680.000000 0.000000
31770.000000 0.000000
31860.000000 0.000000
31950.000000 0.000000
32040.000000 0.000000
32130.000000 0.000000
32220.000000 0.000000
32310.000000 0.000000
32400.000000 0.000000
32490.000000 0.000000
32580.000000 0.000000
32670.000000 0.000000
32760.000000 0.000000
32850.000000 0.000000
32940.000000 0.000000
33030.000000 0.000000
33120.000000 0.000000
33210.000000 0.000000
33300.000000 0.000000
33390.000000 0.000000
33480.000000 0.000000
33570.000000 0.000000
33660.000000 0.000000
33750.000000 0.000000
33840.000000 0.000000
33930.000000 0.000000
34020.000000 0.000000
34110.000000 0.000000
34200.000000 0.000000
34290.000000 0.000000
34380.000000 0.000000
34470.000000 0.000000
34560.000000 0.000000
34650.000000 0.000000
34740.000000 0.000000
34830.000000 0.000000
34920.000000 0.000000
35010.000000 0.000000
35100.000000 0.000000
35190.000000 0.000000
35280.000000 0.000000
35370.000000 0.000000
35460.000000 0.000000
35550.000000 0.000000
35640.000000 0.000000
35730.000000 0.000000
35820.000000 0.000000
35910.000000 0.000000
36000.000000 0.000000
36090.000000 0.000000
36180.000000 0.000000
36270.000000 0.000000
36360.000000 0.000000
36450.000000 0.000000
36540.000000 0.000000
36630.000000 0.000000
36720.000000 0.000000
36810.000000 0.000000
36900.000000 0.000000
36990.000000 0.000000
37080.000000 0.000000
37170.000000 0.000000
37260.000000 0.000000
37350.000000 0.000000
37440.000000 0.000000
37530.000000 0.000000
37620.000000 0.000000
37710.000000 0.000000
37800.000000 0.000000
37890.000000 0.000000
37980.000000 0.000000
38070.000000 0.000000
38160.000000 0.000000
38250.000000 0.000000
38340.000000 0.000000
38430.000000 0.000000
38520.000000 0.000000
38610.000000 0.000000
38700.000000 0.000000
38790.000000 0.000000
38880.000000 0.000000
38970.000000 0.000000
39060.000000 0.000000
39150.000000 0.000000
39240.000000 0.000000
39330.000000 0.000000
39420.000000 0.000000
39510.000000 0.000000
39600.000000 0.000000
39690.000000 0.000000
39780.000000 0.000000
39870.000000 0.000000
39960.000000 0.000000
40050.000000 0.000000
40140.000000 0.000000
40230.000000 0.000000
40320.000000 0.000000
40410.000000 0.000000
40500.000000 0.000000
40590.000000 0.000000
40680.000000 0.000000
40770.000000 0.000000
40860.000000 0.000000
40950.000000 0.000000
41040.000000 0.000000
41130.000000 0.000000
41220.000000 0.000000
41310.000000 0.000000
41400.000000 0.000000
41490.000000 0.000000
41580.000000 0.000000
41670.000000 0.000000
41760.000000 0.000000
41850.000000 0.000000
41940.000000 0.000000
42030.000000 0.000000
42120.000000 0.000000
42210.000000 0.000000
42300.000000 0.000000
42390.000000 0.000000
42480.000000 0.000000
42570.000000 0.000000
42660.000000 0.000000
42750.000000 0.000000
42840.000000 0.000000
42930.000000 0.000000
43020.000000 0.000000
43110.000000 0.000000
43200.000000 0.000000
43290.000000 0.000000
43380.000000 0.000000
43470.000000 0.000000
43560.000000 0.000000
43650.000000 0.000000
43740.000000 0.000000
43830.000000 0.000000
43920.000000 0.000000
44010.000000 0.000000
44100.000000 0.000000
44190.000000 0.000000
44280.000000 0.000000
44370.000000 0.000000
44460.000000 0.000000
44550.000000 0.000000
44640.000000 0.000000
44730.000000 0.000000
44820.000000 0.000000
44910.000000 0.000000
45000.000000 0.000000
45090.000000 0.000000
45180.000000 0.000000
45270.000000 0.000000
45360.000000 0.000000
45450.000000 0.000000
45540.000000 0.000000
45630.000000 0.000000
45720.000000 0.000000
45810.000000 0.000000
45900.000000 0.000000
45990.000000 0.000000
46080.000000 0.000000
46170.000000 0.000000
46260.000000 0.000000
46350.000000 0.000000
46440.000000 0.000000
46530.000000 0.000000
46620.000000 0.000000
46710.000000 0.000000
46800.000000 0.000000
46890.000000 0.000000
46980.000000 0.000000
47070.000000 0.000000
47160.000000 0.000000
47250.000000 0.000000
47340.000000 0.000000
47430.000000 0.000000
47520.000000 0.000000
47610.000000 0.000000
47700.000000 0.000000
47790.000000 0.000000
47880.000000 0.000000
47970.000000 0.000000
48060.000000 0.000000
48150.000000 0.000000
48240.000000 0.000000
48330.000000 0.000000
48420.000000 0.000000
48510.000000 0.000000
48600.000000 0.000000
48690.000000 0.000000
48780.000000 0.000000
48870.000000 0.000000
48960.000000 0.000000
49050.000000 0.000000
49140.000000 0.000000
49230.000000 0.000000
49320.000000 0.000000
49410.000000 0.000000
49500.000000 0.000000
49590.000000 0.000000
49680.000000 0.000000
49770.000000 0.000000
49860.000000 0.000000
49950.000000 0.000000
50040.000000 0.000000
50130.000000 0.000000
50220.000000 0.000000
50310.000000 0.000000
50400.000000 0.000000
50490.000000 0.000000
50580.000000 0.000000
50670.000000 0.000000
50760.000000 0.000000
50850.000000 0.000000
50940.000000 0.000000
51030.000000 0.000000
51120.000000 0.000000
51210.000000 0.000000
51300.000000 0.000000
51390.000000 0.000000
51480.000000 0.000000
51570.000000 0.000000
51660.000000 0.000000
51750.000000 0.000000
51840.000000 0.000000
51930.000000 0.000000
52020.000000 0.000000
52110.000000 0.000000
52200.000000 0.000000
52290.000000 0.000000
52380.000000 0.000000
52470.000000 0.000000
52560.000000 0.000000
52650.000000 0.000000
52740.000000 0.000000
52830.000000 0.000000
52920.000000 0.000000
53010.000000 0.000000
53100.000000 0.000000
53190.000000 0.000000
53280.000000 0.000000
53370.000000 0.000000
53460.000000 0.000000
53550.000000 0.000000
53640.000000 0.000000
53730.000000 0.000000
53820.000000 0.000000
53910.000000 0.000000
54000.000000 0.000000
54090.000000 0.000000
54180.000000 0.000000
54270.000000 0.000000
54360.000000 0.000000
54450.000000 0.000000
54540.000000 0.000000
54630.000000 0.000000
54720.000000 0.000000
54810.000000 0.000000
54900.000000 0.000000
54990.000000 0.000000
55080.000000 0.000000
55170.000000 0.000000
55260.000000 0.000000
55350.000000 0.000000
55440.000000 0.000000
55530.000000 0.000000
55620.000000 0.000000
55710.000000 0.000000
55800.000000 0.000000
55890.000000 0.000000
55980.000000 0.000000
56070.000000 0.000000
56160.000000 0.000000
56250.000000 0.000000
56340.000000 0.000000
56430.000000 0.000000
56520.000000 0.000000
56610.000000 0.000000
56700.000000 0.000000
56790.000000 0.000000
56880.000000 0.000000
56970.000000 0.000000
57060.000000 0.000000
57150.000000 0.000000
57240.000000 0.000000
57330.000000 0.000000
57420.000000 0.000000
57510.000000 0.000000
57600.000000 0.000000
57690.000000 0.000000
57780.000000 0.000000
57870.000000 0.000000
57960.000000 0.000000
58050.000000 0.000000
58140.000000 0.000000
58230.000000 0.000000
58320.000000 0.000000
58410.000000 0.000000
58500.000000 0.000000
58590.000000 0.000000
58680.000000 0.000000
58770.000000 0.000000
58860.000000 0.000000
58950.000000 0.000000
59040.000000 0.000000
59130.000000 0.000000
59220.000000 0.000000
59310.000000 0.000000
59400.000000 0.000000
59490.000000 0.000000
59580.000000 0.000000
59670.000000 0.000000
59760.000000 0.000000
59850.000000 0.000000
59940.000000 0.000000
60030.000000 0.000000
60120.000000 0.000000
60210.000000 0.000000
60300.000000 0.000000
60390.000000 0.000000
60480.000000 0.000000
60570.000000 0.000000
60660.000000 0.000000
60750.000000 0.000000
60840.000000 0.000000
60930.000000 0.000000
61020.000000 0.000000
61110.000000 0.000000
61200.000000 0.000000
61290.000000 0.000000
61380.000000 0.000000
61470.000000 0.000000
61560.000000 0.000000
61650.000000 0.000000
61740.000000 0.000000
61830.000000 0.000000
61920.000000 0.000000
62010.000000 0.000000
62100.000000 0.000000
62190.000000 0.000000
62280.000000 0.000000
62370.000000 0.000000
62460.000000 0.000000
62550.000000 0.000000
62640.000000 0.000000
62730.000000 0.000000
62820.000000 0.000000
62910.000000 0.000000
63000.000000 0.000000
63090.000000 0.000000
63180.000000 0.000000
63270.000000 0.000000
63360.000000 0.000000
63450.000000 0.000000
63540.000000 0.000000
63630.000000 0.000000
63720.000000 0.000000
63810.000000 0.000000
63900.000000 0.000000
63990.000000 0.000000
64080.000000 0.000000
64170.000000 0.000000
64260.000000 0.000000
64350.000000 0.000000
64440.000000 0.000000
64530.000000 0.000000
64620.000000 0.000000
64710.000000 0.000000
64800.000000 0.000000
64890.000000 0.000000
64980.000000 0.000000
65070.000000 0.000000
65160.000000 0.000000
65250.000000 0.000000
65340.000000 0.000000
65430.000000 0.000000
65520.000000 0.000000
65610.000000 0.000000
65700.000000 0.000000
65790.000000 0.000000
65880.000000 0.000000
65970.000000 0.000000
66060.000000 0.000000
66150.000000 0.000000
66240.000000 0.000000
66330.000000 0.000000
66420.000000 0.000000
66510.000000 0.000000
66600.000000 0.000000
66690.000000 0.000000
66780.000000 0.000000
66870.000000 0.000000
66960.000000 0.000000
67050.000000 0.000000
67140.000000 0.000000
67230.000000 0.000000
67320.000000 0.000000
67410.000000 0.000000
67500.000000 0.000000
67590.000000 0.000000
67680.000000 0.000000
67770.000000 0.000000
67860.000000 0.000000
67950.000000 0.000000
68040.000000 0.000000
68130.000000 0.000000
68220.000000 0.000000
68310.000000 0.000000
68400.000000 0.000000
68490.000000 0.000000
68580.000000 0.000000
68670.000000 0.000000
68760.000000 0.000000
68850.000000 0.000000
68940.000000 0.000000
69030.000000 0.000000
69120.000000 0.000000
69210.000000 0.000000
69300.000000 0.000000
69390.000000 0.000000
69480.000000 0.000000
69570.000000 0.000000
69660.000000 0.000000
69750.000000 0.000000
69840.000000 0.000000
69930.000000 0.000000
70020.000000 0.000000
70110.000000 0.000000
70200.000000 0.000000
70290.000000 0.000000
70380.000000 0.000000
70470.000000 0.000000
70560.000000 0.000000
70650.000000 0.000000
70740.000000 0.000000
70830.000000 0.000000
70920.000000 0.000000
71010.000000 0.000000
71100.000000 0.000000
71190.000000 0.000000
71280.000000 0.000000
71370.000000 0.000000
71460.000000 0.000000
71550.000000 0.000000
71640.000000 0.000000
71730.000000 0.000000
71820.000000 0.000000
71910.000000 0.000000
72000.000000 0.000000
72090.000000 0.000000
72180.000000 0.000000
72270.000000 0.000000
72360.000000 0.000000
72450.000000 0.000000
72540.000000 0.000000
72630.000000 0.000000
72720.000000 0.000000
72810.000000 0.000000
72900.000000 0.000000
72990.000000 0.000000
73080.000000 0.000000
73170.000000 0.000000
73260.000000 0.000000
73350.000000 0.000000
73440.000000 0.000000
73530.000000 0.000000
73620.000000 0.000000
73710.000000 0.000000
73800.000000 0.000000
73890.000000 0.000000
73980.000000 0.000000
74070.000000 0.000000
74160.000000 0.000000
74250.000000 0.000000
74340.000000 0.000000
74430.000000 0.000000
74520.000000 0.000000
74610.000000 0.000000
74700.000000 0.000000
74790.000000 0.000000
74880.000000 0.000000
74970.000000 0.000000
75060.000000 0.000000
75150.000000 0.000000
75240.000000 0.000000
75330.000000 0.000000
75420.000000 0.000000
75510.000000 0.000000
75600.000000 0.000000
75690.000000 0.000000
75780.000000 0.000000
75870.000000 0.000000
75960.000000 0.000000
76050.000000 0.000000
76140.000000 0.000000
76230.000000 0.000000
76320.000000 0.000000
76410.000000 0.000000
76500.000000 0.000000
76590.000000 0.000000
76680.000000 0.000000
76770.000000 0.000000
76860.000000 0.000000
76950.000000 0.000000
77040.000000 0.000000
77130.000000 0.000000
77220.000000 0.000000
77310.000000 0.000000
77400.000000 0.000000
77490.000000 0.000000
77580.000000 0.000000
77670.000000 0.000000
77760.000000 0.000000
77850.000000 0.000000
77940.000000 0.000000
78030.000000 0.000000
78120.000000 0.000000
78210.000000 0.000000
78300.000000 0.000000
78390.000000 0.000000
78480.000000 0.000000
78570.000000 0.000000
78660.000000 0.000000
78750.000000 0.000000
78840.000000 0.000000
78930.000000 0.000000
79020.000000 0.000000
79110.000000 0.000000
79200.000000 0.000000
79290.000000 0.000000
79380.000000 0.000000
79470.000000 0.000000
79560.000000 0.000000
79650.000000 0.000000
79740.000000 0.000000
79830.000000 0.000000
79920.000000 0.000000
80010.000000 0.000000
80100.000000 0.000000
80190.000000 0.000000
80280.000000 0.000000
80370.000000 0.000000
80460.000000 0.000000
80550.000000 0.000000
80640.000000 0.000000
80730.000000 0.000000
80820.000000 0.000000
80910.000000 0.000000
81000.000000 0.000000
81090.000000 0.000000
81180.000000 0.000000
81270.000000 0.000000
81360.000000 0.000000
81450.000000 0.000000
81540.000000 0.000000
81630.000000 0.000000
81720.000000 0.000000
81810.000000 0.000000
81900.000000 0.000000
81990.000000 0.000000
82080.000000 0.000000
82170.000000 0.000000
82260.000000 0.000000
82350.000000 0.000000
82440.000000 0.000000
82530.000000 0.000000
82620.000000 0.000000
82710.000000 0.000000
82800.000000 0.000000
82890.000000 0.000000
82980.000000 0.000000
83070.000000 0.000000
83160.000000 0.000000
83250.000000 0.000000
83340.000000 0.000000
83430.000000 0.000000
83520.000000 0.000000
83610.000000 0.000000
83700.000000 0.000000
83790.000000 0.000000
83880.000000 0.000000
83970.000000 0.000000
84060.000000 0.000000
84150.000000 0.000000
84240.000000 0.000000
84330.000000 0.000000
84420.000000 0.000000
84510.000000 0.000000
84600.000000 0.000000
84690.000000 0.000000
84780.000000 0.000000
84870.000000 0.000000
84960.000000 0.000000
85050.000000 0.000000
85140.000000 0.000000
85230.000000 0.000000
85320.000000 0.000000
85410.000000 0.000000
85500.000000 0.000000
85590.000000 0.000000
85680.000000 0.000000
85770.000000 0.000000
85860.000000 0.000000
85950.000000 0.000000
86040.000000 0.000000
86130.000000 0.000000
86220.000000 0.000000
86310.000000 0.000000
86400.000000 0.000000
