0.000000 0.000000 0.000000 0.000000 0.000000 0.000000 0.000000 0.000000 
100.000000 0.000000 0.000000 0.000000 0.000000 0.000000 0.000000 0.000000 
200.000000 0.000000 0.000000 0.000000 0.000000 0.000000 0.000000 0.000000 
300.000000 0.000000 0.000000 0.000000 0.000000 0.000000 0.000000 0.000000 
400.000000 0.000000 0.000000 0.000000 0.000000 0.000000 0.000000 0.000000 
500.000000 0.000000 0.000000 0.000000 0.000000 0.000000 0.000000 0.000000 
600.000000 0.000000 0.000000 0.000000 0.000000 0.000000 0.000000 0.000000 
700.000000 0.000000 0.000000 0.000000 0.000000 0.000000 0.000000 0.000000 
800.000000 0.000000 0.000000 0.000000 0.000000 0.000000 0.000000 0.000000 
900.000000 0.000000 0.000000 0.000000 0.000000 0.000000 0.000000 0.000000 
1000.000000 0.000000 0.000000 0.000000 0.000000 0.000000 0.000000 0.000000 
1100.000000 0.000000 0.000000 0.000000 0.000000 0.000000 0.000000 0.000000 
1200.000000 0.000000 0.000000 0.000000 0.000000 0.000000 0.000000 0.000000 
1300.000000 0.000000 0.000000 0.000000 0.000000 0.000000 0.000000 0.000000 
1400.000000 0.000000 0.000000 0.000000 0.000000 0.000000 0.000000 0.000000 
1500.000000 0.000000 0.000000 0.000000 0.000000 0.000000 0.000000 0.000000 
1600.000000 0.000000 0.000000 0.000000 0.000000 0.000000 0.000000 0.000000 
1700.000000 0.000000 0.000000 0.000000 0.000000 0.000000 0.000000 0.000000 
1800.000000 0.000000 0.000000 0.000000 0.000000 0.000000 0.000000 0.000000 
1900.000000 0.000000 0.000000 0.000000 0.000000 0.000000 0.000000 0.000000 
2000.000000 0.000000 0.000000 0.000000 0.000000 0.000000 0.000000 0.000000 
2100.000000 0.000000 0.000000 0.000000 0.000000 0.000000 0.000000 0.000000 
2200.000000 0.000000 0.000000 0.000000 0.000000 0.000000 0.000000 0.000000 
2300.000000 0.000000 0.000000 0.000000 0.000000 0.000000 0.000000 0.000000 
2400.000000 0.000000 0.000000 0.000000 0.000000 0.000000 0.000000 0.000000 
2500.000000 0.000000 0.000000 0.000000 0.000000 0.000000 0.000000 0.000000 
2600.000000 0.000000 0.000000 0.000000 0.000000 0.000000 0.000000 0.000000 
2700.000000 0.000000 0.000000 0.000000 0.000000 0.000000 0.000000 0.000000 
2800.000000 0.000000 0.000000 0.000000 0.000000 0.000000 0.000000 0.000000 
2900.000000 0.000000 0.000000 0.000000 0.000000 0.000000 0.000000 0.000000 
3000.000000 0.000000 0.000000 0.000000 0.000000 0.000000 0.000000 0.000000 
3100.000000 0.000000 0.000000 0.000000 0.000000 0.000000 0.000000 0.000000 
3200.000000 0.000000 0.000000 0.000000 0.000000 0.000000 0.000000 0.000000 
3300.000000 0.000000 0.000000 0.000000 0.000000 0.000000 0.000000 0.000000 
3400.000000 0.000000 0.000000 0.000000 0.000000 0.000000 0.000000 0.000000 
3500.000000 0.000000 0.000000 0.000000 0.000000 0.000000 0.000000 0.000000 
3600.000000 0.000000 0.000000 0.000000 0.000000 0.000000 0.000000 0.000000 
3700.000000 0.000000 0.000000 0.000000 0.000000 0.000000 0.000000 0.000000 
3800.000000 0.000000 0.000000 0.000000 0.000000 0.000000 0.000000 0.000000 
3900.000000 0.000000 0.000000 0.000000 0.000000 0.000000 0.000000 0.000000 
4000.000000 0.000000 0.000000 0.000000 0.000000 0.000000 0.000000 0.000000 
4100.000000 0.000000 0.000000 0.000000 0.000000 0.000000 0.000000 0.000000 
4200.000000 0.000000 0.000000 0.000000 0.000000 0.000000 0.000000 0.000000 
4300.000000 0.000000 0.000000 0.000000 0.000000 0.000000 0.000000 0.000000 
4400.000000 0.000000 0.000000 0.000000 0.000000 0.000000 0.000000 0.000000 
4500.000000 0.000000 0.000000 0.000000 0.000000 0.000000 0.000000 0.000000 
4600.000000 0.000000 0.000000 0.000000 0.000000 0.000000 0.000000 0.000000 
4700.000000 0.000000 0.000000 0.000000 0.000000 0.000000 0.000000 0.000000 
4800.000000 0.000000 0.000000 0.000000 0.000000 0.000000 0.000000 0.000000 
4900.000000 0.000000 0.000000 0.000000 0.000000 0.000000 0.000000 0.000000 
5000.000000 0.000000 0.000000 0.000000 0.000000 0.000000 0.000000 0.000000 
5100.000000 0.000000 0.000000 0.000000 0.000000 0.000000 0.000000 0.000000 
5200.000000 0.000000 0.000000 0.000000 0.000000 0.000000 0.000000 0.000000 
5300.000000 0.000000 0.000000 0.000000 0.000000 0.000000 0.000000 0.000000 
5400.000000 0.000000 0.000000 0.000000 0.000000 0.000000 0.000000 0.000000 
5500.000000 0.000000 0.000000 0.000000 0.000000 0.000000 0.000000 0.000000 
5600.000000 0.000000 0.000000 0.000000 0.000000 0.000000 0.000000 0.000000 
5700.000000 0.000000 0.000000 0.000000 0.000000 0.000000 0.000000 0.000000 
5800.000000 0.000000 0.000000 0.000000 0.000000 0.000000 0.000000 0.000000 
5900.000000 0.000000 0.000000 0.000000 0.000000 0.000000 0.000000 0.000000 
6000.000000 0.000000 0.000000 0.000000 0.000000 0.000000 0.000000 0.000000 
6100.000000 0.000000 0.000000 0.000000 0.000000 0.000000 0.000000 0.000000 
6200.000000 0.000000 0.000000 0.000000 0.000000 0.000000 0.000000 0.000000 
6300.000000 0.000000 0.000000 0.000000 0.000000 0.000000 0.000000 0.000000 
6400.000000 0.000000 0.000000 0.000000 0.000000 0.000000 0.000000 0.000000 
6500.000000 0.000000 0.000000 0.000000 0.000000 0.000000 0.000000 0.000000 
6600.000000 0.000000 0.000000 0.000000 0.000000 0.000000 0.000000 0.000000 
6700.000000 0.000000 0.000000 0.000000 0.000000 0.000000 0.000000 0.000000 
6800.000000 0.000000 0.000000 0.000000 0.000000 0.000000 0.000000 0.000000 
6900.000000 0.000000 0.000000 0.000000 0.000000 0.000000 0.000000 0.000000 
7000.000000 0.000000 0.000000 0.000000 0.000000 0.000000 0.000000 0.000000 
7100.000000 0.000000 0.000000 0.000000 0.000000 0.000000 0.000000 0.000000 
7200.000000 0.826667 0.022963 0.826667 0.000000 0.000012 0.000000 0.000000 
7300.000000 0.826667 0.045926 0.826667 0.000000 0.000012 0.000001 0.000000 
7400.000000 0.826667 0.068889 0.826667 0.000000 0.000012 0.000001 0.000000 
7500.000000 0.826667 0.091852 0.826667 0.000000 0.000012 0.000001 0.000000 
7600.000000 0.826667 0.114815 0.826667 0.000000 0.000012 0.000002 0.000000 
7700.000000 0.826667 0.137778 0.826667 0.000000 0.000012 0.000002 0.000000 
7800.000000 0.826667 0.160741 0.826667 0.000000 0.000012 0.000002 0.000000 
7900.000000 0.826667 0.183704 0.826667 0.000000 0.000012 0.000003 0.000000 
8000.000000 0.826667 0.206667 0.826667 0.000000 0.000012 0.000003 0.000000 
8100.000000 0.826667 0.229630 0.826667 0.000000 0.000012 0.000003 0.000000 
8200.000000 0.826667 0.252593 0.826667 0.000000 0.000012 0.000004 0.000000 
8300.000000 0.826667 0.275556 0.826667 0.000000 0.000012 0.000004 0.000000 
8400.000000 0.826667 0.298519 0.826667 0.000000 0.000012 0.000004 0.000000 
8500.000000 0.826667 0.321481 0.826667 0.000000 0.000012 0.000005 0.000000 
8600.000000 0.826667 0.344444 0.826667 0.000000 0.000012 0.000005 0.000000 
8700.000000 0.826667 0.367407 0.826667 0.000000 0.000012 0.000005 0.000000 
8800.000000 0.826667 0.390370 0.826667 0.000000 0.000012 0.000006 0.000000 
8900.000000 0.826667 0.413333 0.826667 0.000000 0.000012 0.000006 0.000000 
9000.000000 0.826667 0.436296 0.826667 0.000000 0.000012 0.000006 0.000000 
9100.000000 0.826667 0.459259 0.826667 0.000000 0.000012 0.000007 0.000000 
9200.000000 0.826667 0.482222 0.826667 0.000000 0.000012 0.000007 0.000000 
9300.000000 0.826667 0.505185 0.826667 0.000000 0.000012 0.000007 0.000000 
9400.000000 0.826667 0.528148 0.826667 0.000000 0.000012 0.000008 0.000000 
9500.000000 0.826667 0.551111 0.826667 0.000000 0.000012 0.000008 0.000000 
9600.000000 0.826667 0.574074 0.826667 0.000000 0.000012 0.000008 0.000000 
9700.000000 0.826667 0.597037 0.826667 0.000000 0.000012 0.000009 0.000000 
9800.000000 0.826667 0.620000 0.826667 0.000000 0.000012 0.000009 0.000000 
9900.000000 0.826667 0.642963 0.826667 0.000000 0.000012 0.000009 0.000000 
10000.000000 0.826667 0.665926 0.826667 0.000000 0.000012 0.000010 0.000000 
10100.000000 0.826667 0.688889 0.826667 0.000000 0.000012 0.000010 0.000000 
10200.000000 0.826667 0.711852 0.826667 0.000000 0.000012 0.000010 0.000000 
10300.000000 0.826667 0.734815 0.826667 0.000000 0.000012 0.000011 0.000000 
10400.000000 0.826667 0.757778 0.826667 0.000000 0.000012 0.000011 0.000000 
10500.000000 0.826667 0.780741 0.826667 0.000000 0.000012 0.000011 0.000000 
10600.000000 0.826667 0.803704 0.826667 0.000000 0.000012 0.000012 0.000000 
10700.000000 0.826667 0.826667 0.826667 0.000000 0.000012 0.000012 0.000000 
10800.000000 0.826667 0.849630 0.826667 0.000000 0.000012 0.000012 0.000000 
10900.000000 0.826667 0.872593 0.826667 0.000000 0.000012 0.000013 0.000000 
11000.000000 0.826667 0.895556 0.826667 0.000000 0.000012 0.000013 0.000000 
11100.000000 0.826667 0.918519 0.826667 0.000000 0.000012 0.000013 0.000000 
11200.000000 0.826667 0.941481 0.826667 0.000000 0.000012 0.000014 0.000000 
11300.000000 0.826667 0.964444 0.826667 0.000000 0.000012 0.000014 0.000000 
11400.000000 0.826667 0.987407 0.826667 0.000000 0.000012 0.000014 0.000000 
11500.000000 0.826667 1.010370 0.826667 0.000000 0.000012 0.000015 0.000000 
11600.000000 0.826667 1.033333 0.826667 0.000000 0.000012 0.000015 0.000000 
11700.000000 0.826667 1.056296 0.826667 0.000000 0.000012 0.000015 0.000000 
11800.000000 0.826667 1.079259 0.826667 0.000000 0.000012 0.000016 0.000000 
11900.000000 0.826667 1.102222 0.826667 0.000000 0.000012 0.000016 0.000000 
12000.000000 0.826667 1.125185 0.826667 0.000000 0.000012 0.000016 0.000000 
12100.000000 0.826667 1.148148 0.826667 0.000000 0.000012 0.000017 0.000000 
12200.000000 0.826667 1.171111 0.826667 0.000000 0.000012 0.000017 0.000000 
12300.000000 0.826667 1.194074 0.826667 0.000000 0.000012 0.000017 0.000000 
12400.000000 0.826667 1.217037 0.826667 0.000000 0.000012 0.000018 0.000000 
12500.000000 0.826667 1.240000 0.826667 0.000000 0.000012 0.000018 0.000000 
12600.000000 0.826667 1.262963 0.826667 0.000000 0.000012 0.000018 0.000000 
12700.000000 0.826667 1.285926 0.826667 0.000000 0.000012 0.000019 0.000000 
12800.000000 0.826667 1.308889 0.826667 0.000000 0.000012 0.000019 0.000000 
12900.000000 0.826667 1.331852 0.826667 0.000000 0.000012 0.000019 0.000000 
13000.000000 0.826667 1.354815 0.826667 0.000000 0.000012 0.000020 0.000000 
13100.000000 0.826667 1.377778 0.826667 0.000000 0.000012 0.000020 0.000000 
13200.000000 0.826667 1.400741 0.826667 0.000000 0.000012 0.000020 0.000000 
13300.000000 0.826667 1.423704 0.826667 0.000000 0.000012 0.000021 0.000000 
13400.000000 0.826667 1.446667 0.826667 0.000000 0.000012 0.000021 0.000000 
13500.000000 0.826667 1.469630 0.826667 0.000000 0.000012 0.000021 0.000000 
13600.000000 0.826667 1.492593 0.826667 0.000000 0.000012 0.000022 0.000000 
13700.000000 0.826667 1.515556 0.826667 0.000000 0.000012 0.000022 0.000000 
13800.000000 0.826667 1.538519 0.826667 0.000000 0.000012 0.000022 0.000000 
13900.000000 0.826667 1.561481 0.826667 0.000000 0.000012 0.000023 0.000000 
14000.000000 0.826667 1.584444 0.826667 0.000000 0.000012 0.000023 0.000000 
14100.000000 0.826667 1.607407 0.826667 0.000000 0.000012 0.000023 0.000000 
14200.000000 0.826667 1.630370 0.826667 0.000000 0.000012 0.000024 0.000000 
14300.000000 0.826667 1.653333 0.826667 0.000000 0.000012 0.000024 0.000000 
14400.000000 0.826667 1.676296 0.826667 0.000000 0.000012 0.000024 0.000000 
14500.000000 0.826667 1.699259 0.826667 0.000000 0.000012 0.000025 0.000000 
14600.000000 0.826667 1.722222 0.826667 0.000000 0.000012 0.000025 0.000000 
14700.000000 0.826667 1.745185 0.826667 0.000000 0.000012 0.000025 0.000000 
14800.000000 0.826667 1.768148 0.826667 0.000000 0.000012 0.000026 0.000000 
14900.000000 0.826667 1.791111 0.826667 0.000000 0.000012 0.000026 0.000000 
15000.000000 0.826667 1.814074 0.826667 0.000000 0.000012 0.000026 0.000000 
15100.000000 0.826667 1.837037 0.826667 0.000000 0.000012 0.000027 0.000000 
15200.000000 0.826667 1.860000 0.826667 0.000000 0.000012 0.000027 0.000000 
15300.000000 0.826667 1.882963 0.826667 0.000000 0.000012 0.000027 0.000000 
15400.000000 0.826667 1.905926 0.826667 0.000000 0.000012 0.000028 0.000000 
15500.000000 0.826667 1.928889 0.826667 0.000000 0.000012 0.000028 0.000000 
15600.000000 0.826667 1.951852 0.826667 0.000000 0.000012 0.000028 0.000000 
15700.000000 0.826667 1.974815 0.826667 0.000000 0.000012 0.000029 0.000000 
15800.000000 0.826667 1.997778 0.826667 0.000000 0.000012 0.000029 0.000000 
15900.000000 0.826667 2.020741 0.826667 0.000000 0.000012 0.000029 0.000000 
16000.000000 0.826667 2.043704 0.826667 0.000000 0.000012 0.000029 0.000000 
16100.000000 0.826667 2.066667 0.826667 0.000000 0.000012 0.000030 0.000000 
16200.000000 0.826667 2.089630 0.826667 0.000000 0.000012 0.000030 0.000000 
16300.000000 0.826667 2.112593 0.826667 0.000000 0.000012 0.000030 0.000000 
16400.000000 0.826667 2.135556 0.826667 0.000000 0.000012 0.000031 0.000000 
16500.000000 0.826667 2.158519 0.826667 0.000000 0.000012 0.000031 0.000000 
16600.000000 0.826667 2.181481 0.826667 0.000000 0.000012 0.000031 0.000000 
16700.000000 0.826667 2.204444 0.826667 0.000000 0.000012 0.000032 0.000000 
16800.000000 0.826667 2.227407 0.826667 0.000000 0.000012 0.000032 0.000000 
16900.000000 0.826667 2.250370 0.826667 0.000000 0.000012 0.000032 0.000000 
17000.000000 0.826667 2.273333 0.826667 0.000000 0.000012 0.000033 0.000000 
17100.000000 0.826667 2.296296 0.826667 0.000000 0.000012 0.000033 0.000000 
17200.000000 0.826667 2.319259 0.826667 0.000000 0.000012 0.000033 0.000000 
17300.000000 0.826667 2.342222 0.826667 0.000000 0.000012 0.000034 0.000000 
17400.000000 0.826667 2.365185 0.826667 0.000000 0.000012 0.000034 0.000000 
17500.000000 0.826667 2.388148 0.826667 0.000000 0.000012 0.000034 0.000000 
17600.000000 0.826667 2.411111 0.826667 0.000000 0.000012 0.000035 0.000000 
17700.000000 0.826667 2.434074 0.826667 0.000000 0.000012 0.000035 0.000000 
17800.000000 0.826667 2.457037 0.826667 0.000000 0.000012 0.000035 0.000000 
17900.000000 0.826667 2.480000 0.826667 0.000000 0.000012 0.000036 0.000000 
18000.000000 0.826667 2.502963 0.826667 0.000000 0.000012 0.000036 0.000000 
18100.000000 0.826667 2.525926 0.826667 0.000000 0.000012 0.000036 0.000000 
18200.000000 0.826667 2.548889 0.826667 0.000000 0.000012 0.000037 0.000000 
18300.000000 0.826667 2.571852 0.826667 0.000000 0.000012 0.000037 0.000000 
18400.000000 0.826667 2.594815 0.826667 0.000000 0.000012 0.000037 0.000000 
18500.000000 0.826667 2.617778 0.826667 0.000000 0.000012 0.000038 0.000000 
18600.000000 0.826667 2.640741 0.826667 0.000000 0.000012 0.000038 0.000000 
18700.000000 0.826667 2.663704 0.826667 0.000000 0.000012 0.000038 0.000000 
18800.000000 0.826667 2.686667 0.826667 0.000000 0.000012 0.000039 0.000000 
18900.000000 0.826667 2.709630 0.826667 0.000000 0.000012 0.000039 0.000000 
19000.000000 0.826667 2.732593 0.826667 0.000000 0.000012 0.000039 0.000000 
19100.000000 0.826667 2.755556 0.826667 0.000000 0.000012 0.000040 0.000000 
19200.000000 0.826667 2.778519 0.826667 0.000000 0.000012 0.000040 0.000000 
19300.000000 0.826667 2.801481 0.826667 0.000000 0.000012 0.000040 0.000000 
19400.000000 0.826667 2.824444 0.826667 0.000000 0.000012 0.000041 0.000000 
19500.000000 0.826667 2.847407 0.826667 0.000000 0.000012 0.000041 0.000000 
19600.000000 0.826667 2.870370 0.826667 0.000000 0.000012 0.000041 0.000000 
19700.000000 0.826667 2.893333 0.826667 0.000000 0.000012 0.000042 0.000000 
19800.000000 0.826667 2.916296 0.826667 0.000000 0.000012 0.000042 0.000000 
19900.000000 0.826667 2.939259 0.826667 0.000000 0.000012 0.000042 0.000000 
20000.000000 0.826667 2.962222 0.826667 0.000000 0.000012 0.000043 0.000000 
20100.000000 0.826667 2.985185 0.826667 0.000000 0.000012 0.000043 0.000000 
20200.000000 0.826667 3.008148 0.826667 0.000000 0.000012 0.000043 0.000000 
20300.000000 0.826667 3.031111 0.826667 0.000000 0.000012 0.000044 0.000000 
20400.000000 0.826667 3.054074 0.826667 0.000000 0.000012 0.000044 0.000000 
20500.000000 0.826667 3.077037 0.826667 0.000000 0.000012 0.000044 0.000000 
20600.000000 0.826667 3.100000 0.826667 0.000000 0.000012 0.000045 0.000000 
20700.000000 0.000000 3.100000 0.000000 0.000000 0.000012 0.000045 0.000000 
20800.000000 0.000000 3.100000 0.000000 0.000000 0.000012 0.000045 0.000000 
20900.000000 0.000000 3.100000 0.000000 0.000000 0.000012 0.000046 0.000000 
21000.000000 0.000000 3.100000 0.000000 0.000000 0.000012 0.000046 0.000000 
21100.000000 0.000000 3.100000 0.000000 0.000000 0.000012 0.000046 0.000000 
21200.000000 0.000000 3.100000 0.000000 0.000000 0.000012 0.000047 0.000000 
21300.000000 0.000000 3.100000 0.000000 0.000000 0.000012 0.000047 0.000000 
21400.000000 0.000000 3.100000 0.000000 0.000000 0.000012 0.000047 0.000000 
21500.000000 0.000000 3.100000 0.000000 0.000000 0.000012 0.000048 0.000000 
21600.000000 0.000000 3.100000 0.000000 0.000000 0.000012 0.000048 0.000000 
21700.000000 0.000000 3.100000 0.000000 0.000000 0.000012 0.000048 0.000000 
21800.000000 0.000000 3.100000 0.000000 0.000000 0.000012 0.000049 0.000000 
21900.000000 0.000000 3.100000 0.000000 0.000000 0.000012 0.000049 0.000000 
22000.000000 0.000000 3.100000 0.000000 0.000000 0.000012 0.000049 0.000000 
22100.000000 0.000000 3.100000 0.000000 0.000000 0.000012 0.000050 0.000000 
22200.000000 0.000000 3.100000 0.000000 0.000000 0.000012 0.000050 0.000000 
22300.000000 0.000000 3.100000 0.000000 0.000000 0.000012 0.000050 0.000000 
22400.000000 0.000000 3.100000 0.000000 0.000000 0.000012 0.000051 0.000000 
22500.000000 0.000000 3.100000 0.000000 0.000000 0.000012 0.000051 0.000000 
22600.000000 0.000000 3.100000 0.000000 0.000000 0.000012 0.000051 0.000000 
22700.000000 0.000000 3.100000 0.000000 0.000000 0.000012 0.000052 0.000000 
22800.000000 0.000000 3.100000 0.000000 0.000000 0.000012 0.000052 0.000000 
22900.000000 0.000000 3.100000 0.000000 0.000000 0.000012 0.000052 0.000000 
23000.000000 0.000000 3.100000 0.000000 0.000000 0.000012 0.000053 0.000000 
23100.000000 0.000000 3.100000 0.000000 0.000000 0.000012 0.000053 0.000000 
23200.000000 0.000000 3.100000 0.000000 0.000000 0.000012 0.000053 0.000000 
23300.000000 0.000000 3.100000 0.000000 0.000000 0.000012 0.000054 0.000000 
23400.000000 0.000000 3.100000 0.000000 0.000000 0.000012 0.000054 0.000000 
23500.000000 0.000000 3.100000 0.000000 0.000000 0.000012 0.000054 0.000000 
23600.000000 0.000000 3.100000 0.000000 0.000000 0.000012 0.000055 0.000000 
23700.000000 0.000000 3.100000 0.000000 0.000000 0.000012 0.000055 0.000000 
23800.000000 0.000000 3.100000 0.000000 0.000000 0.000012 0.000055 0.000000 
23900.000000 0.000000 3.100000 0.000000 0.000000 0.000012 0.000056 0.000000 
24000.000000 0.000000 3.100000 0.000000 0.000000 0.000012 0.000056 0.000000 
24100.000000 0.000000 3.100000 0.000000 0.000000 0.000012 0.000056 0.000000 
24200.000000 0.000000 3.100000 0.000000 0.000000 0.000012 0.000057 0.000000 
24300.000000 0.000000 3.100000 0.000000 0.000000 0.000012 0.000057 0.000000 
24400.000000 0.000000 3.100000 0.000000 0.000000 0.000012 0.000057 0.000000 
24500.000000 0.000000 3.100000 0.000000 0.000000 0.000012 0.000058 0.000000 
24600.000000 0.000000 3.100000 0.000000 0.000000 0.000012 0.000058 0.000000 
24700.000000 0.000000 3.100000 0.000000 0.000000 0.000012 0.000058 0.000000 
24800.000000 0.000000 3.100000 0.000000 0.000000 0.000012 0.000059 0.000000 
24900.000000 0.000000 3.100000 0.000000 0.000000 0.000012 0.000059 0.000000 
25000.000000 0.000000 3.100000 0.000000 0.000000 0.000012 0.000059 0.000000 
25100.000000 0.000000 3.100000 0.000000 0.000000 0.000012 0.000060 0.000000 
25200.000000 0.000000 3.100000 0.000000 0.000000 0.000012 0.000060 0.000000 
25300.000000 0.000000 3.100000 0.000000 0.000000 0.000012 0.000060 0.000000 
25400.000000 0.000000 3.100000 0.000000 0.000000 0.000012 0.000061 0.000000 
25500.000000 0.000000 3.100000 0.000000 0.000000 0.000012 0.000061 0.000000 
25600.000000 0.000000 3.100000 0.000000 0.000000 0.000012 0.000061 0.000000 
25700.000000 0.000000 3.100000 0.000000 0.000000 0.000012 0.000062 0.000000 
25800.000000 0.000000 3.100000 0.000000 0.000000 0.000012 0.000062 0.000000 
25900.000000 0.000000 3.100000 0.000000 0.000000 0.000012 0.000062 0.000000 
26000.000000 0.000000 3.100000 0.000000 0.000000 0.000012 0.000063 0.000000 
26100.000000 0.000000 3.100000 0.000000 0.000000 0.000012 0.000063 0.000000 
26200.000000 0.000000 3.100000 0.000000 0.000000 0.000012 0.000063 0.000000 
26300.000000 0.000000 3.100000 0.000000 0.000000 0.000012 0.000064 0.000000 
26400.000000 0.000000 3.100000 0.000000 0.000000 0.000012 0.000064 0.000000 
26500.000000 0.000000 3.100000 0.000000 0.000000 0.000012 0.000064 0.000000 
26600.000000 0.000000 3.100000 0.000000 0.000000 0.000012 0.000065 0.000000 
26700.000000 0.000000 3.100000 0.000000 0.000000 0.000012 0.000065 0.000000 
26800.000000 0.000000 3.100000 0.000000 0.000000 0.000012 0.000065 0.000000 
26900.000000 0.000000 3.100000 0.000000 0.000000 0.000012 0.000066 0.000000 
27000.000000 0.000000 3.100000 0.000000 0.000000 0.000012 0.000066 0.000000 
27100.000000 0.000000 3.100000 0.000000 0.000000 0.000012 0.000066 0.000000 
27200.000000 0.000000 3.100000 0.000000 0.000000 0.000012 0.000067 0.000000 
27300.000000 0.000000 3.100000 0.000000 0.000000 0.000012 0.000067 0.000000 
27400.000000 0.000000 3.100000 0.000000 0.000000 0.000012 0.000067 0.000000 
27500.000000 0.000000 3.100000 0.000000 0.000000 0.000012 0.000068 0.000000 
27600.000000 0.000000 3.100000 0.000000 0.000000 0.000012 0.000068 0.000000 
27700.000000 0.000000 3.100000 0.000000 0.000000 0.000012 0.000068 0.000000 
27800.000000 0.000000 3.100000 0.000000 0.000000 0.000012 0.000069 0.000000 
27900.000000 0.000000 3.100000 0.000000 0.000000 0.000012 0.000069 0.000000 
28000.000000 0.000000 3.100000 0.000000 0.000000 0.000012 0.000069 0.000000 
28100.000000 0.000000 3.100000 0.000000 0.000000 0.000012 0.000070 0.000000 
28200.000000 0.000000 3.100000 0.000000 0.000000 0.000012 0.000070 0.000000 
28300.000000 0.000000 3.100000 0.000000 0.000000 0.000012 0.000070 0.000000 
28400.000000 0.000000 3.100000 0.000000 0.000000 0.000012 0.000071 0.000000 
28500.000000 0.000000 3.100000 0.000000 0.000000 0.000012 0.000071 0.000000 
28600.000000 0.000000 3.100000 0.000000 0.000000 0.000012 0.000071 0.000000 
28700.000000 0.000000 3.100000 0.000000 0.000000 0.000012 0.000072 0.000000 
28800.000000 0.000000 3.100000 0.000000 0.000000 0.000012 0.000072 0.000000 
28900.000000 0.000000 3.100000 0.000000 0.000000 0.000012 0.000072 0.000000 
29000.000000 0.000000 3.100000 0.000000 0.000000 0.000012 0.000073 0.000000 
29100.000000 0.000000 3.100000 0.000000 0.000000 0.000012 0.000073 0.000000 
29200.000000 0.000000 3.100000 0.000000 0.000000 0.000012 0.000073 0.000000 
29300.000000 0.000000 3.100000 0.000000 0.000000 0.000012 0.000074 0.000000 
29400.000000 0.000000 3.100000 0.000000 0.000000 0.000012 0.000074 0.000000 
29500.000000 0.000000 3.100000 0.000000 0.000000 0.000012 0.000074 0.000000 
29600.000000 0.000000 3.100000 0.000000 0.000000 0.000012 0.000075 0.000000 
29700.000000 0.000000 3.100000 0.000000 0.000000 0.000012 0.000075 0.000000 
29800.000000 0.000000 3.100000 0.000000 0.000000 0.000012 0.000075 0.000000 
29900.000000 0.000000 3.100000 0.000000 0.000000 0.000012 0.000076 0.000000 
30000.000000 0.000000 3.100000 0.000000 0.000000 0.000012 0.000076 0.000000 
30100.000000 0.000000 3.100000 0.000000 0.000000 0.000012 0.000076 0.000000 
30200.000000 0.000000 3.100000 0.000000 0.000000 0.000012 0.000077 0.000000 
30300.000000 0.000000 3.100000 0.000000 0.000000 0.000012 0.000077 0.000000 
30400.000000 0.000000 3.100000 0.000000 0.000000 0.000012 0.000077 0.000000 
30500.000000 0.000000 3.100000 0.000000 0.000000 0.000012 0.000078 0.000000 
30600.000000 0.000000 3.100000 0.000000 0.000000 0.000012 0.000078 0.000000 
30700.000000 0.000000 3.100000 0.000000 0.000000 0.000012 0.000078 0.000000 
30800.000000 0.000000 3.100000 0.000000 0.000000 0.000012 0.000079 0.000000 
30900.000000 0.000000 3.100000 0.000000 0.000000 0.000012 0.000079 0.000000 
31000.000000 0.000000 3.100000 0.000000 0.000000 0.000012 0.000079 0.000000 
31100.000000 0.000000 3.100000 0.000000 0.000000 0.000012 0.000080 0.000000 
31200.000000 0.000000 3.100000 0.000000 0.000000 0.000012 0.000080 0.000000 
31300.000000 0.000000 3.100000 0.000000 0.000000 0.000012 0.000080 0.000000 
31400.000000 0.000000 3.100000 0.000000 0.000000 0.000012 0.000081 0.000000 
31500.000000 0.000000 3.100000 0.000000 0.000000 0.000012 0.000081 0.000000 
31600.000000 0.000000 3.100000 0.000000 0.000000 0.000012 0.000081 0.000000 
31700.000000 0.000000 3.100000 0.000000 0.000000 0.000012 0.000082 0.000000 
31800.000000 0.000000 3.100000 0.000000 0.000000 0.000012 0.000082 0.000000 
31900.000000 0.000000 3.100000 0.000000 0.000000 0.000012 0.000082 0.000000 
32000.000000 0.000000 3.100000 0.000000 0.000000 0.000012 0.000083 0.000000 
32100.000000 0.000000 3.100000 0.000000 0.000000 0.000012 0.000083 0.000000 
32200.000000 0.000000 3.100000 0.000000 0.000000 0.000012 0.000083 0.000000 
32300.000000 0.000000 3.100000 0.000000 0.000000 0.000012 0.000084 0.000000 
32400.000000 0.000000 3.100000 0.000000 0.000000 0.000012 0.000084 0.000000 
32500.000000 0.000000 3.100000 0.000000 0.000000 0.000012 0.000084 0.000000 
32600.000000 0.000000 3.100000 0.000000 0.000000 0.000012 0.000085 0.000000 
32700.000000 0.000000 3.100000 0.000000 0.000000 0.000012 0.000085 0.000000 
32800.000000 0.000000 3.100000 0.000000 0.000000 0.000012 0.000085 0.000000 
32900.000000 0.000000 3.100000 0.000000 0.000000 0.000012 0.000086 0.000000 
33000.000000 0.000000 3.100000 0.000000 0.000000 0.000012 0.000086 0.000000 
33100.000000 0.000000 3.100000 0.000000 0.000000 0.000012 0.000086 0.000000 
33200.000000 0.000000 3.100000 0.000000 0.000000 0.000012 0.000086 0.000000 
33300.000000 0.000000 3.100000 0.000000 0.000000 0.000012 0.000087 0.000000 
33400.000000 0.000000 3.100000 0.000000 0.000000 0.000012 0.000087 0.000000 
33500.000000 0.000000 3.100000 0.000000 0.000000 0.000012 0.000087 0.000000 
33600.000000 0.000000 3.100000 0.000000 0.000000 0.000012 0.000088 0.000000 
33700.000000 0.000000 3.100000 0.000000 0.000000 0.000012 0.000088 0.000000 
33800.000000 0.000000 3.100000 0.000000 0.000000 0.000012 0.000088 0.000000 
33900.000000 0.000000 3.100000 0.000000 0.000000 0.000012 0.000089 0.000000 
34000.000000 0.000000 3.100000 0.000000 0.000000 0.000012 0.000089 0.000000 
34100.000000 0.000000 3.100000 0.000000 0.000000 0.000012 0.000089 0.000000 
34200.000000 0.000000 3.100000 0.000000 0.000000 0.000012 0.000090 0.000000 
34300.000000 0.000000 3.100000 0.000000 0.000000 0.000012 0.000090 0.000000 
34400.000000 0.000000 3.100000 0.000000 0.000000 0.000012 0.000090 0.000000 
34500.000000 0.000000 3.100000 0.000000 0.000000 0.000012 0.000091 0.000000 
34600.000000 0.000000 3.100000 0.000000 0.000000 0.000012 0.000091 0.000000 
34700.000000 0.000000 3.100000 0.000000 0.000000 0.000012 0.000091 0.000000 
34800.000000 0.000000 3.100000 0.000000 0.000000 0.000012 0.000092 0.000000 
34900.000000 0.000000 3.100000 0.000000 0.000000 0.000012 0.000092 0.000000 
35000.000000 0.000000 3.100000 0.000000 0.000000 0.000012 0.000092 0.000000 
35100.000000 0.000000 3.100000 0.000000 0.000000 0.000012 0.000093 0.000000 
35200.000000 0.000000 3.100000 0.000000 0.000000 0.000012 0.000093 0.000000 
35300.000000 0.000000 3.100000 0.000000 0.000000 0.000012 0.000093 0.000000 
35400.000000 0.000000 3.100000 0.000000 0.000000 0.000012 0.000094 0.000000 
35500.000000 0.000000 3.100000 0.000000 0.000000 0.000012 0.000094 0.000000 
35600.000000 0.000000 3.100000 0.000000 0.000000 0.000012 0.000094 0.000000 
35700.000000 0.000000 3.100000 0.000000 0.000000 0.000012 0.000095 0.000000 
35800.000000 0.000000 3.100000 0.000000 0.000000 0.000012 0.000095 0.000000 
35900.000000 0.000000 3.100000 0.000000 0.000000 0.000012 0.000095 0.000000 
36000.000000 0.000000 3.100000 0.000000 0.000000 0.000012 0.000096 0.000000 
36100.000000 0.000000 3.100000 0.000000 0.000000 0.000012 0.000096 0.000000 
36200.000000 0.000000 3.100000 0.000000 0.000000 0.000012 0.000096 0.000000 
36300.000000 0.000000 3.100000 0.000000 0.000000 0.000012 0.000097 0.000000 
36400.000000 0.000000 3.100000 0.000000 0.000000 0.000012 0.000097 0.000000 
36500.000000 0.000000 3.100000 0.000000 0.000000 0.000012 0.000097 0.000000 
36600.000000 0.000000 3.100000 0.000000 0.000000 0.000012 0.000098 0.000000 
36700.000000 0.000000 3.100000 0.000000 0.000000 0.000012 0.000098 0.000000 
36800.000000 0.000000 3.100000 0.000000 0.000000 0.000012 0.000098 0.000000 
36900.000000 0.000000 3.100000 0.000000 0.000000 0.000012 0.000099 0.000000 
37000.000000 0.000000 3.100000 0.000000 0.000000 0.000012 0.000099 0.000000 
37100.000000 0.000000 3.100000 0.000000 0.000000 0.000012 0.000099 0.000000 
37200.000000 0.000000 3.100000 0.000000 0.000000 0.000012 0.000100 0.000000 
37300.000000 0.000000 3.100000 0.000000 0.000000 0.000012 0.000100 0.000000 
37400.000000 0.000000 3.100000 0.000000 0.000000 0.000012 0.000100 0.000000 
37500.000000 0.000000 3.100000 0.000000 0.000000 0.000012 0.000101 0.000000 
37600.000000 0.000000 3.100000 0.000000 0.000000 0.000012 0.000101 0.000000 
37700.000000 0.000000 3.100000 0.000000 0.000000 0.000012 0.000101 0.000000 
37800.000000 0.000000 3.100000 0.000000 0.000000 0.000012 0.000102 0.000000 
37900.000000 0.000000 3.100000 0.000000 0.000000 0.000012 0.000102 0.000000 
38000.000000 0.000000 3.100000 0.000000 0.000000 0.000012 0.000102 0.000000 
38100.000000 0.000000 3.100000 0.000000 0.000000 0.000012 0.000103 0.000000 
38200.000000 0.000000 3.100000 0.000000 0.000000 0.000012 0.000103 0.000000 
38300.000000 0.000000 3.100000 0.000000 0.000000 0.000012 0.000103 0.000000 
38400.000000 0.000000 3.100000 0.000000 0.000000 0.000012 0.000104 0.000000 
38500.000000 0.000000 3.100000 0.000000 0.000000 0.000012 0.000104 0.000000 
38600.000000 0.000000 3.100000 0.000000 0.000000 0.000012 0.000104 0.000000 
38700.000000 0.000000 3.100000 0.000000 0.000000 0.000012 0.000105 0.000000 
38800.000000 0.000000 3.100000 0.000000 0.000000 0.000012 0.000105 0.000000 
38900.000000 0.000000 3.100000 0.000000 0.000000 0.000012 0.000105 0.000000 
39000.000000 0.000000 3.100000 0.000000 0.000000 0.000012 0.000106 0.000000 
39100.000000 0.000000 3.100000 0.000000 0.000000 0.000012 0.000106 0.000000 
39200.000000 0.000000 3.100000 0.000000 0.000000 0.000012 0.000106 0.000000 
39300.000000 0.000000 3.100000 0.000000 0.000000 0.000012 0.000107 0.000000 
39400.000000 0.000000 3.100000 0.000000 0.000000 0.000012 0.000107 0.000000 
39500.000000 0.000000 3.100000 0.000000 0.000000 0.000012 0.000107 0.000000 
39600.000000 0.000000 3.100000 0.000000 0.000000 0.000012 0.000108 0.000000 
39700.000000 0.000000 3.100000 0.000000 0.000000 0.000012 0.000108 0.000000 
39800.000000 0.000000 3.100000 0.000000 0.000000 0.000012 0.000108 0.000000 
39900.000000 0.000000 3.100000 0.000000 0.000000 0.000012 0.000109 0.000000 
40000.000000 0.000000 3.100000 0.000000 0.000000 0.000012 0.000109 0.000000 
40100.000000 0.000000 3.100000 0.000000 0.000000 0.000012 0.000109 0.000000 
40200.000000 0.000000 3.100000 0.000000 0.000000 0.000012 0.000110 0.000000 
40300.000000 0.000000 3.100000 0.000000 0.000000 0.000012 0.000110 0.000000 
40400.000000 0.000000 3.100000 0.000000 0.000000 0.000012 0.000110 0.000000 
40500.000000 0.000000 3.100000 0.000000 0.000000 0.000012 0.000111 0.000000 
40600.000000 0.000000 3.100000 0.000000 0.000000 0.000012 0.000111 0.000000 
40700.000000 0.000000 3.100000 0.000000 0.000000 0.000012 0.000111 0.000000 
40800.000000 0.000000 3.100000 0.000000 0.000000 0.000012 0.000112 0.000000 
40900.000000 0.000000 3.100000 0.000000 0.000000 0.000012 0.000112 0.000000 
41000.000000 0.000000 3.100000 0.000000 0.000000 0.000012 0.000112 0.000000 
41100.000000 0.000000 3.100000 0.000000 0.000000 0.000012 0.000113 0.000000 
41200.000000 0.000000 3.100000 0.000000 0.000000 0.000012 0.000113 0.000000 
41300.000000 0.000000 3.100000 0.000000 0.000000 0.000012 0.000113 0.000000 
41400.000000 0.000000 3.100000 0.000000 0.000000 0.000012 0.000114 0.000000 
41500.000000 0.000000 3.100000 0.000000 0.000000 0.000012 0.000114 0.000000 
41600.000000 0.000000 3.100000 0.000000 0.000000 0.000012 0.000114 0.000000 
41700.000000 0.000000 3.100000 0.000000 0.000000 0.000012 0.000115 0.000000 
41800.000000 0.000000 3.100000 0.000000 0.000000 0.000012 0.000115 0.000000 
41900.000000 0.000000 3.100000 0.000000 0.000000 0.000012 0.000115 0.000000 
42000.000000 0.000000 3.100000 0.000000 0.000000 0.000012 0.000116 0.000000 
42100.000000 0.000000 3.100000 0.000000 0.000000 0.000012 0.000116 0.000000 
42200.000000 0.000000 3.100000 0.000000 0.000000 0.000098 0.000119 0.000000 
42300.000000 0.000000 3.100000 0.000000 0.000000 0.000098 0.000121 0.000000 
42400.000000 0.000000 3.100000 0.000000 0.000000 0.000098 0.000124 0.000000 
42500.000000 0.000000 3.100000 0.000000 0.000000 0.000098 0.000127 0.000000 
42600.000000 0.000000 3.100000 0.000000 0.000000 0.000098 0.000130 0.000000 
42700.000000 0.000000 3.100000 0.000000 0.000000 0.000098 0.000132 0.000000 
42800.000000 0.000000 3.100000 0.000000 0.000000 0.000098 0.000135 0.000000 
42900.000000 0.000000 3.100000 0.000000 0.000000 0.000098 0.000138 0.000000 
43000.000000 0.000000 3.100000 0.000000 0.000000 0.000098 0.000140 0.000000 
43100.000000 0.000000 3.100000 0.000000 0.000000 0.000098 0.000143 0.000000 
43200.000000 0.000000 3.100000 0.000000 0.000000 0.000098 0.000146 0.000000 
43300.000000 0.000000 3.100000 0.000000 0.000000 0.000098 0.000149 0.000000 
43400.000000 0.000000 3.100000 0.000000 0.000000 0.000098 0.000151 0.000000 
43500.000000 0.000000 3.100000 0.000000 0.000000 0.000098 0.000154 0.000000 
43600.000000 0.000000 3.100000 0.000000 0.000000 0.000098 0.000157 0.000000 
43700.000000 0.000000 3.100000 0.000000 0.000000 0.000098 0.000159 0.000000 
43800.000000 0.000000 3.100000 0.000000 0.000000 0.000098 0.000162 0.000000 
43900.000000 0.000000 3.100000 0.000000 0.000000 0.000098 0.000165 0.000000 
44000.000000 0.000000 3.100000 0.000000 0.000000 0.000098 0.000167 0.000000 
44100.000000 0.000000 3.100000 0.000000 0.000000 0.000098 0.000170 0.000000 
44200.000000 0.000000 3.100000 0.000000 0.000000 0.000098 0.000173 0.000000 
44300.000000 0.000000 3.100000 0.000000 0.000000 0.000098 0.000176 0.000000 
44400.000000 0.000000 3.100000 0.000000 0.000000 0.000098 0.000178 0.000000 
44500.000000 0.000000 3.100000 0.000000 0.000000 0.000098 0.000181 0.000000 
44600.000000 0.000000 3.100000 0.000000 0.000000 0.000098 0.000184 0.000000 
44700.000000 0.000000 3.100000 0.000000 0.000000 0.000098 0.000186 0.000000 
44800.000000 0.000000 3.100000 0.000000 0.000000 0.000098 0.000189 0.000000 
44900.000000 0.000000 3.100000 0.000000 0.000000 0.000098 0.000192 0.000000 
45000.000000 0.000000 3.100000 0.000000 0.000000 0.000098 0.000195 0.000000 
45100.000000 0.000000 3.100000 0.000000 0.000000 0.000098 0.000197 0.000000 
45200.000000 0.000000 3.100000 0.000000 0.000000 0.000098 0.000200 0.000000 
45300.000000 0.000000 3.100000 0.000000 0.000000 0.000098 0.000203 0.000000 
45400.000000 0.000000 3.100000 0.000000 0.000000 0.000098 0.000205 0.000000 
45500.000000 0.000000 3.100000 0.000000 0.000000 0.000098 0.000208 0.000000 
45600.000000 0.000000 3.100000 0.000000 0.000000 0.000098 0.000211 0.000000 
45700.000000 0.000000 3.100000 0.000000 0.000000 0.000098 0.000214 0.000000 
45800.000000 0.000000 3.100000 0.000000 0.000000 0.000098 0.000216 0.000000 
45900.000000 0.000000 3.100000 0.000000 0.000000 0.000098 0.000219 0.000000 
46000.000000 0.000000 3.100000 0.000000 0.000000 0.000098 0.000222 0.000000 
46100.000000 0.000000 3.100000 0.000000 0.000000 0.000098 0.000224 0.000000 
46200.000000 0.000000 3.100000 0.000000 0.000000 0.000098 0.000227 0.000000 
46300.000000 0.000000 3.100000 0.000000 0.000000 0.000098 0.000230 0.000000 
46400.000000 0.000000 3.100000 0.000000 0.000000 0.000098 0.000233 0.000000 
46500.000000 0.000000 3.100000 0.000000 0.000000 0.000098 0.000235 0.000000 
46600.000000 0.000000 3.100000 0.000000 0.000000 0.000098 0.000238 0.000000 
46700.000000 0.000000 3.100000 0.000000 0.000000 0.000098 0.000241 0.000000 
46800.000000 0.000000 3.100000 0.000000 0.000000 0.000098 0.000243 0.000000 
46900.000000 0.000000 3.100000 0.000000 0.000000 0.000098 0.000246 0.000000 
47000.000000 0.000000 3.100000 0.000000 0.000000 0.000098 0.000249 0.000000 
47100.000000 0.000000 3.100000 0.000000 0.000000 0.000098 0.000252 0.000000 
47200.000000 0.000000 3.100000 0.000000 0.000000 0.000098 0.000254 0.000000 
47300.000000 0.000000 3.100000 0.000000 0.000000 0.000098 0.000257 0.000000 
47400.000000 0.000000 3.100000 0.000000 0.000000 0.000098 0.000260 0.000000 
47500.000000 0.000000 3.100000 0.000000 0.000000 0.000098 0.000262 0.000000 
47600.000000 0.000000 3.100000 0.000000 0.000000 0.000098 0.000265 0.000000 
47700.000000 0.000000 3.100000 0.000000 0.000000 0.000098 0.000268 0.000000 
47800.000000 0.000000 3.100000 0.000000 0.000000 0.000098 0.000270 0.000000 
47900.000000 0.000000 3.100000 0.000000 0.000000 0.014084 0.000662 0.000000 
48000.000000 0.000000 3.100000 0.000000 0.000000 0.000098 0.000664 0.000000 
48100.000000 0.000000 3.100000 0.000000 0.000000 0.000098 0.000667 0.000000 
48200.000000 0.000000 3.100000 0.000000 0.000000 0.000098 0.000670 0.000000 
48300.000000 0.000000 3.100000 0.000000 0.000000 0.000098 0.000673 0.000000 
48400.000000 0.000000 3.100000 0.000000 0.000000 0.000098 0.000675 0.000000 
48500.000000 0.000000 3.100000 0.000000 0.000000 0.000098 0.000678 0.000000 
48600.000000 0.000000 3.100000 0.000000 0.000000 0.000098 0.000681 0.000000 
48700.000000 0.000000 3.100000 0.000000 0.000000 0.000098 0.000683 0.000000 
48800.000000 0.000000 3.100000 0.000000 0.000000 0.000098 0.000686 0.000000 
48900.000000 0.000000 3.100000 0.000000 0.000000 0.000098 0.000689 0.000000 
49000.000000 0.000000 3.100000 0.000000 0.000000 0.000098 0.000692 0.000000 
49100.000000 0.000000 3.100000 0.000000 0.000000 0.000098 0.000694 0.000000 
49200.000000 0.000000 3.100000 0.000000 0.000000 0.000098 0.000697 0.000000 
49300.000000 0.000000 3.100000 0.000000 0.000000 0.000098 0.000700 0.000000 
49400.000000 0.000000 3.100000 0.000000 0.000000 0.000098 0.000702 0.000000 
49500.000000 0.000000 3.100000 0.000000 0.000000 0.000098 0.000705 0.000000 
49600.000000 0.000000 3.100000 0.000000 0.000000 0.000098 0.000708 0.000000 
49700.000000 0.000000 3.100000 0.000000 0.000000 0.000098 0.000710 0.000000 
49800.000000 0.000000 3.100000 0.000000 0.000000 0.000098 0.000713 0.000000 
49900.000000 0.000000 3.100000 0.000000 0.000000 0.000098 0.000716 0.000000 
50000.000000 0.000000 3.100000 0.000000 0.000000 0.000098 0.000719 0.000000 
50100.000000 0.000000 3.100000 0.000000 0.000000 0.000098 0.000721 0.000000 
50200.000000 0.000000 3.100000 0.000000 0.000000 0.000098 0.000724 0.000000 
50300.000000 0.000000 3.100000 0.000000 0.000000 0.000098 0.000727 0.000000 
50400.000000 0.000000 3.100000 0.000000 0.000000 0.000098 0.000729 0.000000 
50500.000000 0.000000 3.100000 0.000000 0.000000 0.000098 0.000732 0.000000 
50600.000000 0.000000 3.100000 0.000000 0.000000 0.000098 0.000735 0.000000 
50700.000000 0.000000 3.100000 0.000000 0.000000 0.000098 0.000738 0.000000 
50800.000000 0.000000 3.100000 0.000000 0.000000 0.000098 0.000740 0.000000 
50900.000000 0.000000 3.100000 0.000000 0.000000 0.000098 0.000743 0.000000 
51000.000000 0.000000 3.100000 0.000000 0.000000 0.000098 0.000746 0.000000 
51100.000000 0.000000 3.100000 0.000000 0.000000 0.000098 0.000748 0.000000 
51200.000000 0.000000 3.100000 0.000000 0.000000 0.000098 0.000751 0.000000 
51300.000000 0.000000 3.100000 0.000000 0.000000 0.000091 0.000754 0.000000 
51400.000000 0.000000 3.100000 0.000000 0.000000 0.000012 0.000754 0.000000 
51500.000000 0.000000 3.100000 0.000000 0.000000 0.000012 0.000754 0.000000 
51600.000000 0.000000 3.100000 0.000000 0.000000 0.000012 0.000755 0.000000 
51700.000000 0.000000 3.100000 0.000000 0.000000 0.000012 0.000755 0.000000 
51800.000000 0.000000 3.100000 0.000000 0.000000 0.000012 0.000755 0.000000 
51900.000000 0.000000 3.100000 0.000000 0.000000 0.000012 0.000756 0.000000 
52000.000000 0.000000 3.100000 0.000000 0.000000 0.000012 0.000756 0.000000 
52100.000000 0.000000 3.100000 0.000000 0.000000 0.000012 0.000756 0.000000 
52200.000000 0.000000 3.100000 0.000000 0.000000 0.000012 0.000757 0.000000 
52300.000000 0.000000 3.100000 0.000000 0.000000 0.000012 0.000757 0.000000 
52400.000000 0.000000 3.100000 0.000000 0.000000 0.000012 0.000757 0.000000 
52500.000000 0.000000 3.100000 0.000000 0.000000 0.000012 0.000758 0.000000 
52600.000000 0.000000 3.100000 0.000000 0.000000 0.000012 0.000758 0.000000 
52700.000000 0.000000 3.100000 0.000000 0.000000 0.000012 0.000758 0.000000 
52800.000000 0.000000 3.100000 0.000000 0.000000 0.000012 0.000759 0.000000 
52900.000000 0.000000 3.100000 0.000000 0.000000 0.000012 0.000759 0.000000 
53000.000000 0.000000 3.100000 0.000000 0.000000 0.000012 0.000759 0.000000 
53100.000000 0.000000 3.100000 0.000000 0.000000 0.000012 0.000760 0.000000 
53200.000000 0.000000 3.100000 0.000000 0.000000 0.000012 0.000760 0.000000 
53300.000000 0.000000 3.100000 0.000000 0.000000 0.000012 0.000760 0.000000 
53400.000000 0.000000 3.100000 0.000000 0.000000 0.000012 0.000761 0.000000 
53500.000000 0.000000 3.100000 0.000000 0.000000 0.000012 0.000761 0.000000 
53600.000000 0.000000 3.100000 0.000000 0.000000 0.000012 0.000761 0.000000 
53700.000000 0.000000 3.100000 0.000000 0.000000 0.000012 0.000762 0.000000 
53800.000000 0.000000 3.100000 0.000000 0.000000 0.000012 0.000762 0.000000 
53900.000000 0.000000 3.100000 0.000000 0.000000 0.000012 0.000762 0.000000 
54000.000000 0.000000 3.100000 0.000000 0.000000 0.000012 0.000763 0.000000 
54100.000000 0.000000 3.100000 0.000000 0.000000 0.000012 0.000763 0.000000 
54200.000000 0.000000 3.100000 0.000000 0.000000 0.000012 0.000763 0.000000 
54300.000000 0.000000 3.100000 0.000000 0.000000 0.000012 0.000764 0.000000 
54400.000000 0.000000 3.100000 0.000000 0.000000 0.000012 0.000764 0.000000 
54500.000000 0.000000 3.100000 0.000000 0.000000 0.000012 0.000764 0.000000 
54600.000000 0.000000 3.100000 0.000000 0.000000 0.000012 0.000765 0.000000 
54700.000000 0.000000 3.100000 0.000000 0.000000 0.000012 0.000765 0.000000 
54800.000000 0.000000 3.100000 0.000000 0.000000 0.000012 0.000765 0.000000 
54900.000000 0.000000 3.100000 0.000000 0.000000 0.000012 0.000766 0.000000 
55000.000000 0.000000 3.100000 0.000000 0.000000 0.000012 0.000766 0.000000 
55100.000000 0.000000 3.100000 0.000000 0.000000 0.000012 0.000766 0.000000 
55200.000000 0.000000 3.100000 0.000000 0.000000 0.000012 0.000767 0.000000 
55300.000000 0.000000 3.100000 0.000000 0.000000 0.000012 0.000767 0.000000 
55400.000000 0.000000 3.100000 0.000000 0.000000 0.000012 0.000767 0.000000 
55500.000000 0.000000 3.100000 0.000000 0.000000 0.000012 0.000768 0.000000 
55600.000000 0.000000 3.100000 0.000000 0.000000 0.000012 0.000768 0.000000 
55700.000000 0.000000 3.100000 0.000000 0.000000 0.000012 0.000768 0.000000 
55800.000000 0.000000 3.100000 0.000000 0.000000 0.000012 0.000769 0.000000 
55900.000000 0.000000 3.100000 0.000000 0.000000 0.000012 0.000769 0.000000 
56000.000000 0.000000 3.100000 0.000000 0.000000 0.000012 0.000769 0.000000 
56100.000000 0.000000 3.100000 0.000000 0.000000 0.000012 0.000770 0.000000 
56200.000000 0.000000 3.100000 0.000000 0.000000 0.000012 0.000770 0.000000 
56300.000000 0.000000 3.100000 0.000000 0.000000 0.000012 0.000770 0.000000 
56400.000000 0.000000 3.100000 0.000000 0.000000 0.000012 0.000771 0.000000 
56500.000000 0.000000 3.100000 0.000000 0.000000 0.000012 0.000771 0.000000 
56600.000000 0.000000 3.100000 0.000000 0.000000 0.000012 0.000771 0.000000 
56700.000000 0.000000 3.100000 0.000000 0.000000 0.000012 0.000772 0.000000 
56800.000000 0.000000 3.100000 0.000000 0.000000 0.000012 0.000772 0.000000 
56900.000000 0.000000 3.100000 0.000000 0.000000 0.000012 0.000772 0.000000 
57000.000000 0.000000 3.100000 0.000000 0.000000 0.000012 0.000773 0.000000 
57100.000000 0.000000 3.100000 0.000000 0.000000 0.000012 0.000773 0.000000 
57200.000000 0.000000 3.100000 0.000000 0.000000 0.000012 0.000773 0.000000 
57300.000000 0.000000 3.100000 0.000000 0.000000 0.000012 0.000774 0.000000 
57400.000000 0.000000 3.100000 0.000000 0.000000 0.000012 0.000774 0.000000 
57500.000000 0.000000 3.100000 0.000000 0.000000 0.000012 0.000774 0.000000 
57600.000000 0.000000 3.100000 0.000000 0.000000 0.000012 0.000775 0.000000 
57700.000000 0.000000 3.100000 0.000000 0.000000 0.000012 0.000775 0.000000 
57800.000000 0.000000 3.100000 0.000000 0.000000 0.000012 0.000775 0.000000 
57900.000000 0.000000 3.100000 0.000000 0.000000 0.000012 0.000776 0.000000 
58000.000000 0.000000 3.100000 0.000000 0.000000 0.000012 0.000776 0.000000 
58100.000000 0.000000 3.100000 0.000000 0.000000 0.000012 0.000776 0.000000 
58200.000000 0.000000 3.100000 0.000000 0.000000 0.000012 0.000777 0.000000 
58300.000000 0.000000 3.100000 0.000000 0.000000 0.000012 0.000777 0.000000 
58400.000000 0.000000 3.100000 0.000000 0.000000 0.000012 0.000777 0.000000 
58500.000000 0.000000 3.100000 0.000000 0.000000 0.000012 0.000778 0.000000 
58600.000000 0.000000 3.100000 0.000000 0.000000 0.000012 0.000778 0.000000 
58700.000000 0.000000 3.100000 0.000000 0.000000 0.000012 0.000778 0.000000 
58800.000000 0.000000 3.100000 0.000000 0.000000 0.000012 0.000779 0.000000 
58900.000000 0.000000 3.100000 0.000000 0.000000 0.000012 0.000779 0.000000 
59000.000000 0.000000 3.100000 0.000000 0.000000 0.000012 0.000779 0.000000 
59100.000000 0.000000 3.100000 0.000000 0.000000 0.000012 0.000780 0.000000 
59200.000000 0.000000 3.100000 0.000000 0.000000 0.000012 0.000780 0.000000 
59300.000000 0.000000 3.100000 0.000000 0.000000 0.000012 0.000780 0.000000 
59400.000000 0.000000 3.100000 0.000000 0.000000 0.000012 0.000781 0.000000 
59500.000000 0.000000 3.100000 0.000000 0.000000 0.000012 0.000781 0.000000 
59600.000000 0.000000 3.100000 0.000000 0.000000 0.000012 0.000781 0.000000 
59700.000000 0.000000 3.100000 0.000000 0.000000 0.000012 0.000782 0.000000 
59800.000000 0.000000 3.100000 0.000000 0.000000 0.000012 0.000782 0.000000 
59900.000000 0.000000 3.100000 0.000000 0.000000 0.000012 0.000782 0.000000 
60000.000000 0.000000 3.100000 0.000000 0.000000 0.000012 0.000783 0.000000 
60100.000000 0.000000 3.100000 0.000000 0.000000 0.000012 0.000783 0.000000 
60200.000000 0.000000 3.100000 0.000000 0.000000 0.000012 0.000783 0.000000 
60300.000000 0.000000 3.100000 0.000000 0.000000 0.000012 0.000784 0.000000 
60400.000000 0.000000 3.100000 0.000000 0.000000 0.000012 0.000784 0.000000 
60500.000000 0.000000 3.100000 0.000000 0.000000 0.000012 0.000784 0.000000 
60600.000000 0.000000 3.100000 0.000000 0.000000 0.000012 0.000785 0.000000 
60700.000000 0.000000 3.100000 0.000000 0.000000 0.000012 0.000785 0.000000 
60800.000000 0.000000 3.100000 0.000000 0.000000 0.000012 0.000785 0.000000 
60900.000000 0.000000 3.100000 0.000000 0.000000 0.000012 0.000785 0.000000 
61000.000000 0.000000 3.100000 0.000000 0.000000 0.000012 0.000786 0.000000 
61100.000000 0.000000 3.100000 0.000000 0.000000 0.000012 0.000786 0.000000 
61200.000000 0.000000 3.100000 0.000000 0.000000 0.000012 0.000786 0.000000 
61300.000000 0.000000 3.100000 0.000000 0.000000 0.000012 0.000787 0.000000 
61400.000000 0.000000 3.100000 0.000000 0.000000 0.000098 0.000790 0.000000 
61500.000000 0.000000 3.100000 0.000000 0.000000 0.000098 0.000792 0.000000 
61600.000000 0.000000 3.100000 0.000000 0.000000 0.000098 0.000795 0.000000 
61700.000000 0.000000 3.100000 0.000000 0.000000 0.000098 0.000798 0.000000 
61800.000000 0.000000 3.100000 0.000000 0.000000 0.000098 0.000800 0.000000 
61900.000000 0.000000 3.100000 0.000000 0.000000 0.000098 0.000803 0.000000 
62000.000000 0.000000 3.100000 0.000000 0.000000 0.000098 0.000806 0.000000 
62100.000000 0.000000 3.100000 0.000000 0.000000 0.000098 0.000809 0.000000 
62200.000000 0.000000 3.100000 0.000000 0.000000 0.000098 0.000811 0.000000 
62300.000000 0.000000 3.100000 0.000000 0.000000 0.000098 0.000814 0.000000 
62400.000000 0.000000 3.100000 0.000000 0.000000 0.000098 0.000817 0.000000 
62500.000000 0.000000 3.100000 0.000000 0.000000 0.000098 0.000819 0.000000 
62600.000000 0.000000 3.100000 0.000000 0.000000 0.000098 0.000822 0.000000 
62700.000000 0.000000 3.100000 0.000000 0.000000 0.000098 0.000825 0.000000 
62800.000000 0.000000 3.100000 0.000000 0.000000 0.000098 0.000827 0.000000 
62900.000000 0.000000 3.100000 0.000000 0.000000 0.000098 0.000830 0.000000 
63000.000000 0.000000 3.100000 0.000000 0.000000 0.000098 0.000833 0.000000 
63100.000000 0.000000 3.100000 0.000000 0.000000 0.000098 0.000836 0.000000 
63200.000000 0.000000 3.100000 0.000000 0.000000 0.000098 0.000838 0.000000 
63300.000000 0.000000 3.100000 0.000000 0.000000 0.000098 0.000841 0.000000 
63400.000000 0.000000 3.100000 0.000000 0.000000 0.000098 0.000844 0.000000 
63500.000000 0.000000 3.100000 0.000000 0.000000 0.000098 0.000846 0.000000 
63600.000000 0.000000 3.100000 0.000000 0.000000 0.000098 0.000849 0.000000 
63700.000000 0.000000 3.100000 0.000000 0.000000 0.000098 0.000852 0.000000 
63800.000000 0.000000 3.100000 0.000000 0.000000 0.000098 0.000855 0.000000 
63900.000000 0.000000 3.100000 0.000000 0.000000 0.000098 0.000857 0.000000 
64000.000000 0.000000 3.100000 0.000000 0.000000 0.000098 0.000860 0.000000 
64100.000000 0.000000 3.100000 0.000000 0.000000 0.000098 0.000863 0.000000 
64200.000000 0.000000 3.100000 0.000000 0.000000 0.000098 0.000865 0.000000 
64300.000000 0.000000 3.100000 0.000000 0.000000 0.000098 0.000868 0.000000 
64400.000000 0.000000 3.100000 0.000000 0.000000 0.000098 0.000871 0.000000 
64500.000000 0.000000 3.100000 0.000000 0.000000 0.000098 0.000874 0.000000 
64600.000000 0.000000 3.100000 0.000000 0.000000 0.000098 0.000876 0.000000 
64700.000000 0.000000 3.100000 0.000000 0.000000 0.000098 0.000879 0.000000 
64800.000000 0.000000 3.100000 0.000000 0.000000 0.000098 0.000882 0.000000 
64900.000000 0.000000 3.100000 0.000000 0.000000 0.000098 0.000884 0.000000 
65000.000000 0.000000 3.100000 0.000000 0.000000 0.000098 0.000887 0.000000 
65100.000000 0.000000 3.100000 0.000000 0.000000 0.000098 0.000890 0.000000 
65200.000000 0.000000 3.100000 0.000000 0.000000 0.000098 0.000893 0.000000 
65300.000000 0.000000 3.100000 0.000000 0.000000 0.000098 0.000895 0.000000 
65400.000000 0.000000 3.100000 0.000000 0.000000 0.000098 0.000898 0.000000 
65500.000000 0.000000 3.100000 0.000000 0.000000 0.000098 0.000901 0.000000 
65600.000000 0.000000 3.100000 0.000000 0.000000 0.000098 0.000903 0.000000 
65700.000000 0.000000 3.100000 0.000000 0.000000 0.000098 0.000906 0.000000 
65800.000000 0.000000 3.100000 0.000000 0.000000 0.000098 0.000909 0.000000 
65900.000000 0.000000 3.100000 0.000000 0.000000 0.000098 0.000911 0.000000 
66000.000000 0.000000 3.100000 0.000000 0.000000 0.000098 0.000914 0.000000 
66100.000000 0.000000 3.100000 0.000000 0.000000 0.000098 0.000917 0.000000 
66200.000000 0.000000 3.100000 0.000000 0.000000 0.000098 0.000920 0.000000 
66300.000000 0.000000 3.100000 0.000000 0.000000 0.000098 0.000922 0.000000 
66400.000000 0.000000 3.100000 0.000000 0.000000 0.000098 0.000925 0.000000 
66500.000000 0.000000 3.100000 0.000000 0.000000 0.000098 0.000928 0.000000 
66600.000000 0.000000 3.100000 0.000000 0.000000 0.000098 0.000930 0.000000 
66700.000000 0.000000 3.100000 0.000000 0.000000 0.000098 0.000933 0.000000 
66800.000000 0.000000 3.100000 0.000000 0.000000 0.000098 0.000936 0.000000 
66900.000000 0.000000 3.100000 0.000000 0.000000 0.000098 0.000939 0.000000 
67000.000000 0.000000 3.100000 0.000000 0.000000 0.000098 0.000941 0.000000 
67100.000000 0.000000 3.100000 0.000000 0.000000 0.000098 0.000944 0.000000 
67200.000000 0.000000 3.100000 0.000000 0.000000 0.000098 0.000947 0.000000 
67300.000000 0.000000 3.100000 0.000000 0.000000 0.000086 0.000949 0.000000 
67400.000000 0.000000 3.100000 0.000000 0.000000 0.000012 0.000949 0.000000 
67500.000000 0.000000 3.100000 0.000000 0.000000 0.000012 0.000950 0.000000 
67600.000000 0.000000 3.100000 0.000000 0.000000 0.000012 0.000950 0.000000 
67700.000000 0.000000 3.100000 0.000000 0.000000 0.000012 0.000950 0.000000 
67800.000000 0.000000 3.100000 0.000000 0.000000 0.000012 0.000951 0.000000 
67900.000000 0.000000 3.100000 0.000000 0.000000 0.000012 0.000951 0.000000 
68000.000000 0.000000 3.100000 0.000000 0.000000 0.000012 0.000951 0.000000 
68100.000000 0.000000 3.100000 0.000000 0.000000 0.000012 0.000952 0.000000 
68200.000000 0.000000 3.100000 0.000000 0.000000 0.000012 0.000952 0.000000 
68300.000000 0.000000 3.100000 0.000000 0.000000 0.000012 0.000952 0.000000 
68400.000000 0.000000 3.100000 0.000000 0.000000 0.000012 0.000953 0.000000 
68500.000000 0.000000 3.100000 0.000000 0.000000 0.000012 0.000953 0.000000 
68600.000000 0.000000 3.100000 0.000000 0.000000 0.000012 0.000953 0.000000 
68700.000000 0.000000 3.100000 0.000000 0.000000 0.000012 0.000954 0.000000 
68800.000000 0.000000 3.100000 0.000000 0.000000 0.000012 0.000954 0.000000 
68900.000000 0.000000 3.100000 0.000000 0.000000 0.000012 0.000954 0.000000 
69000.000000 0.000000 3.100000 0.000000 0.000000 0.000012 0.000955 0.000000 
69100.000000 0.000000 3.100000 0.000000 0.000000 0.000012 0.000955 0.000000 
69200.000000 0.000000 3.100000 0.000000 0.000000 0.000012 0.000955 0.000000 
69300.000000 0.000000 3.100000 0.000000 0.000000 0.000012 0.000956 0.000000 
69400.000000 0.000000 3.100000 0.000000 0.000000 0.000012 0.000956 0.000000 
69500.000000 0.000000 3.100000 0.000000 0.000000 0.000012 0.000956 0.000000 
69600.000000 0.000000 3.100000 0.000000 0.000000 0.000012 0.000957 0.000000 
69700.000000 0.000000 3.100000 0.000000 0.000000 0.000012 0.000957 0.000000 
69800.000000 0.000000 3.100000 0.000000 0.000000 0.000012 0.000957 0.000000 
69900.000000 0.000000 3.100000 0.000000 0.000000 0.000012 0.000958 0.000000 
70000.000000 0.000000 3.100000 0.000000 0.000000 0.000012 0.000958 0.000000 
70100.000000 0.000000 3.100000 0.000000 0.000000 0.000098 0.000961 0.000000 
70200.000000 0.000000 3.100000 0.000000 0.000000 0.000098 0.000963 0.000000 
70300.000000 0.000000 3.100000 0.000000 0.000000 0.000098 0.000966 0.000000 
70400.000000 0.000000 3.100000 0.000000 0.000000 0.000098 0.000969 0.000000 
70500.000000 0.000000 3.100000 0.000000 0.000000 0.000098 0.000972 0.000000 
70600.000000 0.000000 3.100000 0.000000 0.000000 0.000098 0.000974 0.000000 
70700.000000 0.000000 3.100000 0.000000 0.000000 0.000098 0.000977 0.000000 
70800.000000 0.000000 3.100000 0.000000 0.000000 0.000098 0.000980 0.000000 
70900.000000 0.000000 3.100000 0.000000 0.000000 0.000098 0.000982 0.000000 
71000.000000 0.000000 3.100000 0.000000 0.000000 0.000098 0.000985 0.000000 
71100.000000 0.000000 3.100000 0.000000 0.000000 0.000098 0.000988 0.000000 
71200.000000 0.000000 3.100000 0.000000 0.000000 0.000098 0.000991 0.000000 
71300.000000 0.000000 3.100000 0.000000 0.000000 0.000098 0.000993 0.000000 
71400.000000 0.000000 3.100000 0.000000 0.000000 0.000098 0.000996 0.000000 
71500.000000 0.000000 3.100000 0.000000 0.000000 0.000098 0.000999 0.000000 
71600.000000 0.000000 3.100000 0.000000 0.000000 0.000098 0.001001 0.000000 
71700.000000 0.000000 3.100000 0.000000 0.000000 0.000098 0.001004 0.000000 
71800.000000 0.000000 3.100000 0.000000 0.000000 0.000098 0.001007 0.000000 
71900.000000 0.000000 3.100000 0.000000 0.000000 0.000098 0.001010 0.000000 
72000.000000 0.000000 3.100000 0.000000 0.000000 0.000098 0.001012 0.000000 
72100.000000 0.000000 3.100000 0.000000 0.000000 0.000098 0.001015 0.000000 
72200.000000 0.000000 3.100000 0.000000 0.000000 0.000098 0.001018 0.000000 
72300.000000 0.000000 3.100000 0.000000 0.000000 0.000098 0.001020 0.000000 
72400.000000 0.000000 3.100000 0.000000 0.000000 0.000098 0.001023 0.000000 
72500.000000 0.000000 3.100000 0.000000 0.000000 0.000098 0.001026 0.000000 
72600.000000 0.000000 3.100000 0.000000 0.000000 0.000098 0.001029 0.000000 
72700.000000 0.000000 3.100000 0.000000 0.000000 0.000098 0.001031 0.000000 
72800.000000 0.000000 3.100000 0.000000 0.000000 0.000098 0.001034 0.000000 
72900.000000 0.000000 3.100000 0.000000 0.000000 0.000098 0.001037 0.000000 
73000.000000 0.000000 3.100000 0.000000 0.000000 0.000098 0.001039 0.000000 
73100.000000 0.000000 3.100000 0.000000 0.000000 0.000098 0.001042 0.000000 
73200.000000 0.000000 3.100000 0.000000 0.000000 0.000098 0.001045 0.000000 
73300.000000 0.000000 3.100000 0.000000 0.000000 0.000098 0.001048 0.000000 
73400.000000 0.000000 3.100000 0.000000 0.000000 0.000098 0.001050 0.000000 
73500.000000 0.000000 3.100000 0.000000 0.000000 0.000098 0.001053 0.000000 
73600.000000 0.000000 3.100000 0.000000 0.000000 0.000049 0.001054 0.000000 
73700.000000 0.000000 3.100000 0.000000 0.000000 0.000012 0.001055 0.000000 
73800.000000 0.000000 3.100000 0.000000 0.000000 0.000012 0.001055 0.000000 
73900.000000 0.000000 3.100000 0.000000 0.000000 0.000012 0.001055 0.000000 
74000.000000 0.000000 3.100000 0.000000 0.000000 0.000012 0.001056 0.000000 
74100.000000 0.000000 3.100000 0.000000 0.000000 0.000012 0.001056 0.000000 
74200.000000 0.000000 3.100000 0.000000 0.000000 0.000012 0.001056 0.000000 
74300.000000 0.000000 3.100000 0.000000 0.000000 0.000012 0.001057 0.000000 
74400.000000 0.000000 3.100000 0.000000 0.000000 0.000012 0.001057 0.000000 
74500.000000 0.000000 3.100000 0.000000 0.000000 0.000012 0.001057 0.000000 
74600.000000 0.000000 3.100000 0.000000 0.000000 0.000012 0.001058 0.000000 
74700.000000 0.000000 3.100000 0.000000 0.000000 0.000012 0.001058 0.000000 
74800.000000 0.000000 3.100000 0.000000 0.000000 0.000012 0.001058 0.000000 
74900.000000 0.000000 3.100000 0.000000 0.000000 0.000012 0.001059 0.000000 
75000.000000 0.000000 3.100000 0.000000 0.000000 0.000012 0.001059 0.000000 
75100.000000 0.000000 3.100000 0.000000 0.000000 0.000012 0.001059 0.000000 
75200.000000 0.000000 3.100000 0.000000 0.000000 0.000012 0.001060 0.000000 
75300.000000 0.000000 3.100000 0.000000 0.000000 0.000012 0.001060 0.000000 
75400.000000 0.000000 3.100000 0.000000 0.000000 0.000012 0.001060 0.000000 
75500.000000 0.000000 3.100000 0.000000 0.000000 0.000012 0.001061 0.000000 
75600.000000 0.000000 3.100000 0.000000 0.000000 0.000012 0.001061 0.000000 
75700.000000 0.000000 3.100000 0.000000 0.000000 0.000012 0.001061 0.000000 
75800.000000 0.000000 3.100000 0.000000 0.000000 0.000012 0.001062 0.000000 
75900.000000 0.000000 3.100000 0.000000 0.000000 0.000012 0.001062 0.000000 
76000.000000 0.000000 3.100000 0.000000 0.000000 0.000012 0.001062 0.000000 
76100.000000 0.000000 3.100000 0.000000 0.000000 0.000012 0.001063 0.000000 
76200.000000 0.000000 3.100000 0.000000 0.000000 0.000012 0.001063 0.000000 
76300.000000 0.000000 3.100000 0.000000 0.000000 0.000012 0.001063 0.000000 
76400.000000 0.000000 3.100000 0.000000 0.000000 0.000012 0.001064 0.000000 
76500.000000 0.000000 3.100000 0.000000 0.000000 0.000012 0.001064 0.000000 
76600.000000 0.000000 3.100000 0.000000 0.000000 0.000012 0.001064 0.000000 
76700.000000 0.000000 3.100000 0.000000 0.000000 0.000012 0.001065 0.000000 
76800.000000 0.000000 3.100000 0.000000 0.000000 0.000012 0.001065 0.000000 
76900.000000 0.000000 3.100000 0.000000 0.000000 0.000012 0.001065 0.000000 
77000.000000 0.000000 3.100000 0.000000 0.000000 0.000012 0.001066 0.000000 
77100.000000 0.000000 3.100000 0.000000 0.000000 0.000012 0.001066 0.000000 
77200.000000 0.000000 3.100000 0.000000 0.000000 0.000012 0.001066 0.000000 
77300.000000 0.000000 3.100000 0.000000 0.000000 0.000012 0.001067 0.000000 
77400.000000 0.000000 3.100000 0.000000 0.000000 0.000012 0.001067 0.000000 
77500.000000 0.000000 3.100000 0.000000 0.000000 0.000012 0.001067 0.000000 
77600.000000 0.000000 3.100000 0.000000 0.000000 0.000012 0.001068 0.000000 
77700.000000 0.000000 3.100000 0.000000 0.000000 0.000012 0.001068 0.000000 
77800.000000 0.000000 3.100000 0.000000 0.000000 0.000012 0.001068 0.000000 
77900.000000 0.000000 3.100000 0.000000 0.000000 0.000012 0.001069 0.000000 
78000.000000 0.000000 3.100000 0.000000 0.000000 0.000012 0.001069 0.000000 
78100.000000 0.000000 3.100000 0.000000 0.000000 0.000012 0.001069 0.000000 
78200.000000 0.000000 3.100000 0.000000 0.000000 0.000012 0.001070 0.000000 
78300.000000 0.000000 3.100000 0.000000 0.000000 0.000012 0.001070 0.000000 
78400.000000 0.000000 3.100000 0.000000 0.000000 0.000012 0.001070 0.000000 
78500.000000 0.000000 3.100000 0.000000 0.000000 0.000012 0.001071 0.000000 
78600.000000 0.000000 3.100000 0.000000 0.000000 0.000012 0.001071 0.000000 
78700.000000 0.000000 3.100000 0.000000 0.000000 0.000012 0.001071 0.000000 
78800.000000 0.000000 3.100000 0.000000 0.000000 0.000012 0.001072 0.000000 
78900.000000 0.000000 3.100000 0.000000 0.000000 0.000012 0.001072 0.000000 
79000.000000 0.000000 3.100000 0.000000 0.000000 0.000012 0.001072 0.000000 
79100.000000 0.000000 3.100000 0.000000 0.000000 0.000012 0.001073 0.000000 
79200.000000 0.000000 3.100000 0.000000 0.000000 0.000012 0.001073 0.000000 
79300.000000 0.000000 3.100000 0.000000 0.000000 0.000012 0.001073 0.000000 
79400.000000 0.000000 3.100000 0.000000 0.000000 0.000012 0.001073 0.000000 
79500.000000 0.000000 3.100000 0.000000 0.000000 0.000012 0.001074 0.000000 
79600.000000 0.000000 3.100000 0.000000 0.000000 0.000012 0.001074 0.000000 
79700.000000 0.000000 3.100000 0.000000 0.000000 0.000012 0.001074 0.000000 
79800.000000 0.000000 3.100000 0.000000 0.000000 0.000012 0.001075 0.000000 
79900.000000 0.000000 3.100000 0.000000 0.000000 0.000012 0.001075 0.000000 
80000.000000 0.000000 3.100000 0.000000 0.000000 0.000012 0.001075 0.000000 
80100.000000 0.000000 3.100000 0.000000 0.000000 0.000012 0.001076 0.000000 
80200.000000 0.000000 3.100000 0.000000 0.000000 0.000012 0.001076 0.000000 
80300.000000 0.000000 3.100000 0.000000 0.000000 0.000012 0.001076 0.000000 
80400.000000 0.000000 3.100000 0.000000 0.000000 0.000012 0.001077 0.000000 
80500.000000 0.000000 3.100000 0.000000 0.000000 0.000012 0.001077 0.000000 
80600.000000 0.000000 3.100000 0.000000 0.000000 0.000012 0.001077 0.000000 
80700.000000 0.000000 3.100000 0.000000 0.000000 0.000012 0.001078 0.000000 
80800.000000 0.000000 3.100000 0.000000 0.000000 0.000098 0.001081 0.000000 
80900.000000 0.000000 3.100000 0.000000 0.000000 0.000098 0.001083 0.000000 
81000.000000 0.000000 3.100000 0.000000 0.000000 0.000098 0.001086 0.000000 
81100.000000 0.000000 3.100000 0.000000 0.000000 0.000098 0.001089 0.000000 
81200.000000 0.000000 3.100000 0.000000 0.000000 0.000098 0.001091 0.000000 
81300.000000 0.000000 3.100000 0.000000 0.000000 0.000098 0.001094 0.000000 
81400.000000 0.000000 3.100000 0.000000 0.000000 0.000098 0.001097 0.000000 
81500.000000 0.000000 3.100000 0.000000 0.000000 0.000098 0.001099 0.000000 
81600.000000 0.000000 3.100000 0.000000 0.000000 0.000098 0.001102 0.000000 
81700.000000 0.000000 3.100000 0.000000 0.000000 0.000098 0.001105 0.000000 
81800.000000 0.000000 3.100000 0.000000 0.000000 0.000098 0.001108 0.000000 
81900.000000 0.000000 3.100000 0.000000 0.000000 0.000098 0.001110 0.000000 
82000.000000 0.000000 3.100000 0.000000 0.000000 0.000098 0.001113 0.000000 
82100.000000 0.000000 3.100000 0.000000 0.000000 0.000098 0.001116 0.000000 
82200.000000 0.000000 3.100000 0.000000 0.000000 0.000098 0.001118 0.000000 
82300.000000 0.000000 3.100000 0.000000 0.000000 0.000098 0.001121 0.000000 
82400.000000 0.000000 3.100000 0.000000 0.000000 0.000098 0.001124 0.000000 
82500.000000 0.000000 3.100000 0.000000 0.000000 0.000098 0.001127 0.000000 
82600.000000 0.000000 3.100000 0.000000 0.000000 0.000098 0.001129 0.000000 
82700.000000 0.000000 3.100000 0.000000 0.000000 0.000098 0.001132 0.000000 
82800.000000 0.000000 3.100000 0.000000 0.000000 0.000098 0.001135 0.000000 
82900.000000 0.000000 3.100000 0.000000 0.000000 0.000098 0.001137 0.000000 
83000.000000 0.000000 3.100000 0.000000 0.000000 0.000098 0.001140 0.000000 
83100.000000 0.000000 3.100000 0.000000 0.000000 0.000098 0.001143 0.000000 
83200.000000 0.000000 3.100000 0.000000 0.000000 0.000098 0.001146 0.000000 
83300.000000 0.000000 3.100000 0.000000 0.000000 0.000098 0.001148 0.000000 
83400.000000 0.000000 3.100000 0.000000 0.000000 0.000098 0.001151 0.000000 
83500.000000 0.000000 3.100000 0.000000 0.000000 0.000098 0.001154 0.000000 
83600.000000 0.000000 3.100000 0.000000 0.000000 0.000098 0.001156 0.000000 
83700.000000 0.000000 3.100000 0.000000 0.000000 0.000098 0.001159 0.000000 
83800.000000 0.000000 3.100000 0.000000 0.000000 0.000098 0.001162 0.000000 
83900.000000 0.000000 3.100000 0.000000 0.000000 0.000098 0.001165 0.000000 
84000.000000 0.000000 3.100000 0.000000 0.000000 0.000098 0.001167 0.000000 
84100.000000 0.000000 3.100000 0.000000 0.000000 0.000098 0.001170 0.000000 
84200.000000 0.000000 3.100000 0.000000 0.000000 0.000098 0.001173 0.000000 
84300.000000 0.000000 3.100000 0.000000 0.000000 0.000098 0.001175 0.000000 
84400.000000 0.000000 3.100000 0.000000 0.000000 0.000098 0.001178 0.000000 
84500.000000 0.000000 3.100000 0.000000 0.000000 0.000098 0.001181 0.000000 
84600.000000 0.000000 3.100000 0.000000 0.000000 0.000098 0.001184 0.000000 
84700.000000 0.000000 3.100000 0.000000 0.000000 0.000098 0.001186 0.000000 
84800.000000 0.000000 3.100000 0.000000 0.000000 0.000098 0.001189 0.000000 
84900.000000 0.000000 3.100000 0.000000 0.000000 0.000098 0.001192 0.000000 
85000.000000 0.000000 3.100000 0.000000 0.000000 0.000098 0.001194 0.000000 
85100.000000 0.000000 3.100000 0.000000 0.000000 0.000098 0.001197 0.000000 
85200.000000 0.000000 3.100000 0.000000 0.000000 0.000098 0.001200 0.000000 
85300.000000 0.000000 3.100000 0.000000 0.000000 0.000098 0.001202 0.000000 
85400.000000 0.000000 3.100000 0.000000 0.000000 0.000098 0.001205 0.000000 
85500.000000 0.000000 3.100000 0.000000 0.000000 0.000098 0.001208 0.000000 
85600.000000 0.000000 3.100000 0.000000 0.000000 0.000098 0.001211 0.000000 
85700.000000 0.000000 3.100000 0.000000 0.000000 0.000098 0.001213 0.000000 
85800.000000 0.000000 3.100000 0.000000 0.000000 0.000098 0.001216 0.000000 
85900.000000 0.000000 3.100000 0.000000 0.000000 0.000098 0.001219 0.000000 
86000.000000 0.000000 3.100000 0.000000 0.000000 0.000098 0.001221 0.000000 
86100.000000 0.000000 3.100000 0.000000 0.000000 0.000098 0.001224 0.000000 
86200.000000 0.000000 3.100000 0.000000 0.000000 0.000098 0.001227 0.000000 
86300.000000 0.000000 3.100000 0.000000 0.000000 0.000098 0.001230 0.000000 
